Start testing: Sep 09 11:21 BST
----------------------------------------------------------
1/316 Testing: 1-BFInterpreter
1/316 Test: 1-BFInterpreter
Command: "/usr/local/bin/python" "/Users/tbcdigital/Developer/lci-future/lci/test/testDriver.py" "/Users/tbcdigital/Developer/lci-future/lci/lci" "/Users/tbcdigital/Developer/lci-future/lci/test/1.3-Tests/0-Benchmarks/1-BFInterpreter/test.lol" "-o=/Users/tbcdigital/Developer/lci-future/lci/test/1.3-Tests/0-Benchmarks/1-BFInterpreter/test.out" "-i=/Users/tbcdigital/Developer/lci-future/lci/test/1.3-Tests/0-Benchmarks/1-BFInterpreter/test.in"
Directory: /Users/tbcdigital/Developer/lci-future/lci/test/1.3-Tests/0-Benchmarks/1-BFInterpreter
"1-BFInterpreter" start time: Sep 09 11:21 BST
Output:
----------------------------------------------------------
Using input file: /Users/tbcdigital/Developer/lci-future/lci/test/1.3-Tests/0-Benchmarks/1-BFInterpreter/test.in
Not expecting an error
Using output file: /Users/tbcdigital/Developer/lci-future/lci/test/1.3-Tests/0-Benchmarks/1-BFInterpreter/test.out
Not doing memory check.
Command: /Users/tbcdigital/Developer/lci-future/lci/lci /Users/tbcdigital/Developer/lci-future/lci/test/1.3-Tests/0-Benchmarks/1-BFInterpreter/test.lol
Success!


<end of output>
Test time =   0.92 sec
----------------------------------------------------------
Test Passed.
"1-BFInterpreter" end time: Sep 09 11:21 BST
"1-BFInterpreter" time elapsed: 00:00:00
----------------------------------------------------------

2/316 Testing: 1-EmptyMainBlock
2/316 Test: 1-EmptyMainBlock
Command: "/usr/local/bin/python" "/Users/tbcdigital/Developer/lci-future/lci/test/testDriver.py" "/Users/tbcdigital/Developer/lci-future/lci/lci" "/Users/tbcdigital/Developer/lci-future/lci/test/1.3-Tests/1-Structure/1-EmptyMainBlock/test.lol" "-o=/Users/tbcdigital/Developer/lci-future/lci/test/1.3-Tests/1-Structure/1-EmptyMainBlock/test.out"
Directory: /Users/tbcdigital/Developer/lci-future/lci/test/1.3-Tests/1-Structure/1-EmptyMainBlock
"1-EmptyMainBlock" start time: Sep 09 11:21 BST
Output:
----------------------------------------------------------
Not using an input file
Not expecting an error
Using output file: /Users/tbcdigital/Developer/lci-future/lci/test/1.3-Tests/1-Structure/1-EmptyMainBlock/test.out
Not doing memory check.
Command: /Users/tbcdigital/Developer/lci-future/lci/lci /Users/tbcdigital/Developer/lci-future/lci/test/1.3-Tests/1-Structure/1-EmptyMainBlock/test.lol
Success!


<end of output>
Test time =   0.07 sec
----------------------------------------------------------
Test Passed.
"1-EmptyMainBlock" end time: Sep 09 11:21 BST
"1-EmptyMainBlock" time elapsed: 00:00:00
----------------------------------------------------------

3/316 Testing: 2-MustBeginWithHAI
3/316 Test: 2-MustBeginWithHAI
Command: "/usr/local/bin/python" "/Users/tbcdigital/Developer/lci-future/lci/test/testDriver.py" "/Users/tbcdigital/Developer/lci-future/lci/lci" "/Users/tbcdigital/Developer/lci-future/lci/test/1.3-Tests/1-Structure/2-MustBeginWithHAI/test.lol" "-e"
Directory: /Users/tbcdigital/Developer/lci-future/lci/test/1.3-Tests/1-Structure/2-MustBeginWithHAI
"2-MustBeginWithHAI" start time: Sep 09 11:21 BST
Output:
----------------------------------------------------------
Not using an input file
Expecting an error
Not using an output file
Not doing memory check.
Command: /Users/tbcdigital/Developer/lci-future/lci/lci /Users/tbcdigital/Developer/lci-future/lci/test/1.3-Tests/1-Structure/2-MustBeginWithHAI/test.lol
Success!
Error:
/Users/tbcdigital/Developer/lci-future/lci/test/1.3-Tests/1-Structure/2-MustBeginWithHAI/test.lol:1: expected HAI at: KTHXBYE

<end of output>
Test time =   0.09 sec
----------------------------------------------------------
Test Passed.
"2-MustBeginWithHAI" end time: Sep 09 11:21 BST
"2-MustBeginWithHAI" time elapsed: 00:00:00
----------------------------------------------------------

4/316 Testing: 3-MustIncludeVersion
4/316 Test: 3-MustIncludeVersion
Command: "/usr/local/bin/python" "/Users/tbcdigital/Developer/lci-future/lci/test/testDriver.py" "/Users/tbcdigital/Developer/lci-future/lci/lci" "/Users/tbcdigital/Developer/lci-future/lci/test/1.3-Tests/1-Structure/3-MustIncludeVersion/test.lol" "-e"
Directory: /Users/tbcdigital/Developer/lci-future/lci/test/1.3-Tests/1-Structure/3-MustIncludeVersion
"3-MustIncludeVersion" start time: Sep 09 11:21 BST
Output:
----------------------------------------------------------
Not using an input file
Expecting an error
Not using an output file
Not doing memory check.
Command: /Users/tbcdigital/Developer/lci-future/lci/lci /Users/tbcdigital/Developer/lci-future/lci/test/1.3-Tests/1-Structure/3-MustIncludeVersion/test.lol
Success!
Error:
/Users/tbcdigital/Developer/lci-future/lci/test/1.3-Tests/1-Structure/3-MustIncludeVersion/test.lol:2: expected end of statement at: KTHXBYE

<end of output>
Test time =   0.07 sec
----------------------------------------------------------
Test Passed.
"3-MustIncludeVersion" end time: Sep 09 11:21 BST
"3-MustIncludeVersion" time elapsed: 00:00:00
----------------------------------------------------------

5/316 Testing: 4-MustEndWithKTHXBYE
5/316 Test: 4-MustEndWithKTHXBYE
Command: "/usr/local/bin/python" "/Users/tbcdigital/Developer/lci-future/lci/test/testDriver.py" "/Users/tbcdigital/Developer/lci-future/lci/lci" "/Users/tbcdigital/Developer/lci-future/lci/test/1.3-Tests/1-Structure/4-MustEndWithKTHXBYE/test.lol" "-e"
Directory: /Users/tbcdigital/Developer/lci-future/lci/test/1.3-Tests/1-Structure/4-MustEndWithKTHXBYE
"4-MustEndWithKTHXBYE" start time: Sep 09 11:21 BST
Output:
----------------------------------------------------------
Not using an input file
Expecting an error
Not using an output file
Not doing memory check.
Command: /Users/tbcdigital/Developer/lci-future/lci/lci /Users/tbcdigital/Developer/lci-future/lci/test/1.3-Tests/1-Structure/4-MustEndWithKTHXBYE/test.lol
Success!
Error:
/Users/tbcdigital/Developer/lci-future/lci/test/1.3-Tests/1-Structure/4-MustEndWithKTHXBYE/test.lol:2: expected KTHXBYE at: end of file

<end of output>
Test time =   0.07 sec
----------------------------------------------------------
Test Passed.
"4-MustEndWithKTHXBYE" end time: Sep 09 11:21 BST
"4-MustEndWithKTHXBYE" time elapsed: 00:00:00
----------------------------------------------------------

6/316 Testing: 5-IndentationIgnored
6/316 Test: 5-IndentationIgnored
Command: "/usr/local/bin/python" "/Users/tbcdigital/Developer/lci-future/lci/test/testDriver.py" "/Users/tbcdigital/Developer/lci-future/lci/lci" "/Users/tbcdigital/Developer/lci-future/lci/test/1.3-Tests/1-Structure/5-IndentationIgnored/test.lol" "-o=/Users/tbcdigital/Developer/lci-future/lci/test/1.3-Tests/1-Structure/5-IndentationIgnored/test.out"
Directory: /Users/tbcdigital/Developer/lci-future/lci/test/1.3-Tests/1-Structure/5-IndentationIgnored
"5-IndentationIgnored" start time: Sep 09 11:21 BST
Output:
----------------------------------------------------------
Not using an input file
Not expecting an error
Using output file: /Users/tbcdigital/Developer/lci-future/lci/test/1.3-Tests/1-Structure/5-IndentationIgnored/test.out
Not doing memory check.
Command: /Users/tbcdigital/Developer/lci-future/lci/lci /Users/tbcdigital/Developer/lci-future/lci/test/1.3-Tests/1-Structure/5-IndentationIgnored/test.lol
Success!


<end of output>
Test time =   0.07 sec
----------------------------------------------------------
Test Passed.
"5-IndentationIgnored" end time: Sep 09 11:21 BST
"5-IndentationIgnored" time elapsed: 00:00:00
----------------------------------------------------------

7/316 Testing: 6-WhitespaceBetweenTokens
7/316 Test: 6-WhitespaceBetweenTokens
Command: "/usr/local/bin/python" "/Users/tbcdigital/Developer/lci-future/lci/test/testDriver.py" "/Users/tbcdigital/Developer/lci-future/lci/lci" "/Users/tbcdigital/Developer/lci-future/lci/test/1.3-Tests/1-Structure/6-WhitespaceBetweenTokens/test.lol" "-o=/Users/tbcdigital/Developer/lci-future/lci/test/1.3-Tests/1-Structure/6-WhitespaceBetweenTokens/test.out"
Directory: /Users/tbcdigital/Developer/lci-future/lci/test/1.3-Tests/1-Structure/6-WhitespaceBetweenTokens
"6-WhitespaceBetweenTokens" start time: Sep 09 11:21 BST
Output:
----------------------------------------------------------
Not using an input file
Not expecting an error
Using output file: /Users/tbcdigital/Developer/lci-future/lci/test/1.3-Tests/1-Structure/6-WhitespaceBetweenTokens/test.out
Not doing memory check.
Command: /Users/tbcdigital/Developer/lci-future/lci/lci /Users/tbcdigital/Developer/lci-future/lci/test/1.3-Tests/1-Structure/6-WhitespaceBetweenTokens/test.lol
Success!


<end of output>
Test time =   0.07 sec
----------------------------------------------------------
Test Passed.
"6-WhitespaceBetweenTokens" end time: Sep 09 11:21 BST
"6-WhitespaceBetweenTokens" time elapsed: 00:00:00
----------------------------------------------------------

8/316 Testing: 7-NewlineLF
8/316 Test: 7-NewlineLF
Command: "/usr/local/bin/python" "/Users/tbcdigital/Developer/lci-future/lci/test/testDriver.py" "/Users/tbcdigital/Developer/lci-future/lci/lci" "/Users/tbcdigital/Developer/lci-future/lci/test/1.3-Tests/1-Structure/7-NewlineLF/test.lol" "-o=/Users/tbcdigital/Developer/lci-future/lci/test/1.3-Tests/1-Structure/7-NewlineLF/test.out"
Directory: /Users/tbcdigital/Developer/lci-future/lci/test/1.3-Tests/1-Structure/7-NewlineLF
"7-NewlineLF" start time: Sep 09 11:21 BST
Output:
----------------------------------------------------------
Not using an input file
Not expecting an error
Using output file: /Users/tbcdigital/Developer/lci-future/lci/test/1.3-Tests/1-Structure/7-NewlineLF/test.out
Not doing memory check.
Command: /Users/tbcdigital/Developer/lci-future/lci/lci /Users/tbcdigital/Developer/lci-future/lci/test/1.3-Tests/1-Structure/7-NewlineLF/test.lol
Success!


<end of output>
Test time =   0.08 sec
----------------------------------------------------------
Test Passed.
"7-NewlineLF" end time: Sep 09 11:21 BST
"7-NewlineLF" time elapsed: 00:00:00
----------------------------------------------------------

9/316 Testing: 8-NewlineCR
9/316 Test: 8-NewlineCR
Command: "/usr/local/bin/python" "/Users/tbcdigital/Developer/lci-future/lci/test/testDriver.py" "/Users/tbcdigital/Developer/lci-future/lci/lci" "/Users/tbcdigital/Developer/lci-future/lci/test/1.3-Tests/1-Structure/8-NewlineCR/test.lol" "-o=/Users/tbcdigital/Developer/lci-future/lci/test/1.3-Tests/1-Structure/8-NewlineCR/test.out"
Directory: /Users/tbcdigital/Developer/lci-future/lci/test/1.3-Tests/1-Structure/8-NewlineCR
"8-NewlineCR" start time: Sep 09 11:21 BST
Output:
----------------------------------------------------------
Not using an input file
Not expecting an error
Using output file: /Users/tbcdigital/Developer/lci-future/lci/test/1.3-Tests/1-Structure/8-NewlineCR/test.out
Not doing memory check.
Command: /Users/tbcdigital/Developer/lci-future/lci/lci /Users/tbcdigital/Developer/lci-future/lci/test/1.3-Tests/1-Structure/8-NewlineCR/test.lol
Success!


<end of output>
Test time =   0.07 sec
----------------------------------------------------------
Test Passed.
"8-NewlineCR" end time: Sep 09 11:21 BST
"8-NewlineCR" time elapsed: 00:00:00
----------------------------------------------------------

10/316 Testing: 9-NewlineCRLF
10/316 Test: 9-NewlineCRLF
Command: "/usr/local/bin/python" "/Users/tbcdigital/Developer/lci-future/lci/test/testDriver.py" "/Users/tbcdigital/Developer/lci-future/lci/lci" "/Users/tbcdigital/Developer/lci-future/lci/test/1.3-Tests/1-Structure/9-NewlineCRLF/test.lol" "-o=/Users/tbcdigital/Developer/lci-future/lci/test/1.3-Tests/1-Structure/9-NewlineCRLF/test.out"
Directory: /Users/tbcdigital/Developer/lci-future/lci/test/1.3-Tests/1-Structure/9-NewlineCRLF
"9-NewlineCRLF" start time: Sep 09 11:21 BST
Output:
----------------------------------------------------------
Not using an input file
Not expecting an error
Using output file: /Users/tbcdigital/Developer/lci-future/lci/test/1.3-Tests/1-Structure/9-NewlineCRLF/test.out
Not doing memory check.
Command: /Users/tbcdigital/Developer/lci-future/lci/lci /Users/tbcdigital/Developer/lci-future/lci/test/1.3-Tests/1-Structure/9-NewlineCRLF/test.lol
Success!


<end of output>
Test time =   0.07 sec
----------------------------------------------------------
Test Passed.
"9-NewlineCRLF" end time: Sep 09 11:21 BST
"9-NewlineCRLF" time elapsed: 00:00:00
----------------------------------------------------------

11/316 Testing: 10-CommasSeparate
11/316 Test: 10-CommasSeparate
Command: "/usr/local/bin/python" "/Users/tbcdigital/Developer/lci-future/lci/test/testDriver.py" "/Users/tbcdigital/Developer/lci-future/lci/lci" "/Users/tbcdigital/Developer/lci-future/lci/test/1.3-Tests/1-Structure/10-CommasSeparate/test.lol" "-o=/Users/tbcdigital/Developer/lci-future/lci/test/1.3-Tests/1-Structure/10-CommasSeparate/test.out"
Directory: /Users/tbcdigital/Developer/lci-future/lci/test/1.3-Tests/1-Structure/10-CommasSeparate
"10-CommasSeparate" start time: Sep 09 11:21 BST
Output:
----------------------------------------------------------
Not using an input file
Not expecting an error
Using output file: /Users/tbcdigital/Developer/lci-future/lci/test/1.3-Tests/1-Structure/10-CommasSeparate/test.out
Not doing memory check.
Command: /Users/tbcdigital/Developer/lci-future/lci/lci /Users/tbcdigital/Developer/lci-future/lci/test/1.3-Tests/1-Structure/10-CommasSeparate/test.lol
Success!


<end of output>
Test time =   0.08 sec
----------------------------------------------------------
Test Passed.
"10-CommasSeparate" end time: Sep 09 11:21 BST
"10-CommasSeparate" time elapsed: 00:00:00
----------------------------------------------------------

12/316 Testing: 11-EllipsesJoinLF
12/316 Test: 11-EllipsesJoinLF
Command: "/usr/local/bin/python" "/Users/tbcdigital/Developer/lci-future/lci/test/testDriver.py" "/Users/tbcdigital/Developer/lci-future/lci/lci" "/Users/tbcdigital/Developer/lci-future/lci/test/1.3-Tests/1-Structure/11-EllipsesJoinLF/test.lol" "-o=/Users/tbcdigital/Developer/lci-future/lci/test/1.3-Tests/1-Structure/11-EllipsesJoinLF/test.out"
Directory: /Users/tbcdigital/Developer/lci-future/lci/test/1.3-Tests/1-Structure/11-EllipsesJoinLF
"11-EllipsesJoinLF" start time: Sep 09 11:21 BST
Output:
----------------------------------------------------------
Not using an input file
Not expecting an error
Using output file: /Users/tbcdigital/Developer/lci-future/lci/test/1.3-Tests/1-Structure/11-EllipsesJoinLF/test.out
Not doing memory check.
Command: /Users/tbcdigital/Developer/lci-future/lci/lci /Users/tbcdigital/Developer/lci-future/lci/test/1.3-Tests/1-Structure/11-EllipsesJoinLF/test.lol
Success!


<end of output>
Test time =   0.07 sec
----------------------------------------------------------
Test Passed.
"11-EllipsesJoinLF" end time: Sep 09 11:21 BST
"11-EllipsesJoinLF" time elapsed: 00:00:00
----------------------------------------------------------

13/316 Testing: 12-EllipsesJoinCR
13/316 Test: 12-EllipsesJoinCR
Command: "/usr/local/bin/python" "/Users/tbcdigital/Developer/lci-future/lci/test/testDriver.py" "/Users/tbcdigital/Developer/lci-future/lci/lci" "/Users/tbcdigital/Developer/lci-future/lci/test/1.3-Tests/1-Structure/12-EllipsesJoinCR/test.lol" "-o=/Users/tbcdigital/Developer/lci-future/lci/test/1.3-Tests/1-Structure/12-EllipsesJoinCR/test.out"
Directory: /Users/tbcdigital/Developer/lci-future/lci/test/1.3-Tests/1-Structure/12-EllipsesJoinCR
"12-EllipsesJoinCR" start time: Sep 09 11:21 BST
Output:
----------------------------------------------------------
Not using an input file
Not expecting an error
Using output file: /Users/tbcdigital/Developer/lci-future/lci/test/1.3-Tests/1-Structure/12-EllipsesJoinCR/test.out
Not doing memory check.
Command: /Users/tbcdigital/Developer/lci-future/lci/lci /Users/tbcdigital/Developer/lci-future/lci/test/1.3-Tests/1-Structure/12-EllipsesJoinCR/test.lol
Success!


<end of output>
Test time =   0.07 sec
----------------------------------------------------------
Test Passed.
"12-EllipsesJoinCR" end time: Sep 09 11:21 BST
"12-EllipsesJoinCR" time elapsed: 00:00:00
----------------------------------------------------------

14/316 Testing: 13-EllipsesJoinCRLF
14/316 Test: 13-EllipsesJoinCRLF
Command: "/usr/local/bin/python" "/Users/tbcdigital/Developer/lci-future/lci/test/testDriver.py" "/Users/tbcdigital/Developer/lci-future/lci/lci" "/Users/tbcdigital/Developer/lci-future/lci/test/1.3-Tests/1-Structure/13-EllipsesJoinCRLF/test.lol" "-o=/Users/tbcdigital/Developer/lci-future/lci/test/1.3-Tests/1-Structure/13-EllipsesJoinCRLF/test.out"
Directory: /Users/tbcdigital/Developer/lci-future/lci/test/1.3-Tests/1-Structure/13-EllipsesJoinCRLF
"13-EllipsesJoinCRLF" start time: Sep 09 11:21 BST
Output:
----------------------------------------------------------
Not using an input file
Not expecting an error
Using output file: /Users/tbcdigital/Developer/lci-future/lci/test/1.3-Tests/1-Structure/13-EllipsesJoinCRLF/test.out
Not doing memory check.
Command: /Users/tbcdigital/Developer/lci-future/lci/lci /Users/tbcdigital/Developer/lci-future/lci/test/1.3-Tests/1-Structure/13-EllipsesJoinCRLF/test.lol
Success!


<end of output>
Test time =   0.08 sec
----------------------------------------------------------
Test Passed.
"13-EllipsesJoinCRLF" end time: Sep 09 11:21 BST
"13-EllipsesJoinCRLF" time elapsed: 00:00:00
----------------------------------------------------------

15/316 Testing: 14-NoNewlineAfterJoinLF
15/316 Test: 14-NoNewlineAfterJoinLF
Command: "/usr/local/bin/python" "/Users/tbcdigital/Developer/lci-future/lci/test/testDriver.py" "/Users/tbcdigital/Developer/lci-future/lci/lci" "/Users/tbcdigital/Developer/lci-future/lci/test/1.3-Tests/1-Structure/14-NoNewlineAfterJoinLF/test.lol" "-e"
Directory: /Users/tbcdigital/Developer/lci-future/lci/test/1.3-Tests/1-Structure/14-NoNewlineAfterJoinLF
"14-NoNewlineAfterJoinLF" start time: Sep 09 11:21 BST
Output:
----------------------------------------------------------
Not using an input file
Expecting an error
Not using an output file
Not doing memory check.
Command: /Users/tbcdigital/Developer/lci-future/lci/lci /Users/tbcdigital/Developer/lci-future/lci/test/1.3-Tests/1-Structure/14-NoNewlineAfterJoinLF/test.lol
Success!
Error:
/Users/tbcdigital/Developer/lci-future/lci/test/1.3-Tests/1-Structure/14-NoNewlineAfterJoinLF/test.lol:2: a line with continuation may not be followed by an empty line

<end of output>
Test time =   0.07 sec
----------------------------------------------------------
Test Passed.
"14-NoNewlineAfterJoinLF" end time: Sep 09 11:21 BST
"14-NoNewlineAfterJoinLF" time elapsed: 00:00:00
----------------------------------------------------------

16/316 Testing: 15-NoNewlineAfterJoinCR
16/316 Test: 15-NoNewlineAfterJoinCR
Command: "/usr/local/bin/python" "/Users/tbcdigital/Developer/lci-future/lci/test/testDriver.py" "/Users/tbcdigital/Developer/lci-future/lci/lci" "/Users/tbcdigital/Developer/lci-future/lci/test/1.3-Tests/1-Structure/15-NoNewlineAfterJoinCR/test.lol" "-e"
Directory: /Users/tbcdigital/Developer/lci-future/lci/test/1.3-Tests/1-Structure/15-NoNewlineAfterJoinCR
"15-NoNewlineAfterJoinCR" start time: Sep 09 11:21 BST
Output:
----------------------------------------------------------
Not using an input file
Expecting an error
Not using an output file
Not doing memory check.
Command: /Users/tbcdigital/Developer/lci-future/lci/lci /Users/tbcdigital/Developer/lci-future/lci/test/1.3-Tests/1-Structure/15-NoNewlineAfterJoinCR/test.lol
Success!
Error:
/Users/tbcdigital/Developer/lci-future/lci/test/1.3-Tests/1-Structure/15-NoNewlineAfterJoinCR/test.lol:2: a line with continuation may not be followed by an empty line

<end of output>
Test time =   0.07 sec
----------------------------------------------------------
Test Passed.
"15-NoNewlineAfterJoinCR" end time: Sep 09 11:21 BST
"15-NoNewlineAfterJoinCR" time elapsed: 00:00:00
----------------------------------------------------------

17/316 Testing: 16-NoNewlineAfterJoinCRLF
17/316 Test: 16-NoNewlineAfterJoinCRLF
Command: "/usr/local/bin/python" "/Users/tbcdigital/Developer/lci-future/lci/test/testDriver.py" "/Users/tbcdigital/Developer/lci-future/lci/lci" "/Users/tbcdigital/Developer/lci-future/lci/test/1.3-Tests/1-Structure/16-NoNewlineAfterJoinCRLF/test.lol" "-e"
Directory: /Users/tbcdigital/Developer/lci-future/lci/test/1.3-Tests/1-Structure/16-NoNewlineAfterJoinCRLF
"16-NoNewlineAfterJoinCRLF" start time: Sep 09 11:21 BST
Output:
----------------------------------------------------------
Not using an input file
Expecting an error
Not using an output file
Not doing memory check.
Command: /Users/tbcdigital/Developer/lci-future/lci/lci /Users/tbcdigital/Developer/lci-future/lci/test/1.3-Tests/1-Structure/16-NoNewlineAfterJoinCRLF/test.lol
Success!
Error:
/Users/tbcdigital/Developer/lci-future/lci/test/1.3-Tests/1-Structure/16-NoNewlineAfterJoinCRLF/test.lol:2: a line with continuation may not be followed by an empty line

<end of output>
Test time =   0.07 sec
----------------------------------------------------------
Test Passed.
"16-NoNewlineAfterJoinCRLF" end time: Sep 09 11:21 BST
"16-NoNewlineAfterJoinCRLF" time elapsed: 00:00:00
----------------------------------------------------------

18/316 Testing: 17-Includes
18/316 Test: 17-Includes
Command: "/usr/local/bin/python" "/Users/tbcdigital/Developer/lci-future/lci/test/testDriver.py" "/Users/tbcdigital/Developer/lci-future/lci/lci" "/Users/tbcdigital/Developer/lci-future/lci/test/1.3-Tests/1-Structure/17-Includes/test.lol" "-o=/Users/tbcdigital/Developer/lci-future/lci/test/1.3-Tests/1-Structure/17-Includes/test.out"
Directory: /Users/tbcdigital/Developer/lci-future/lci/test/1.3-Tests/1-Structure/17-Includes
"17-Includes" start time: Sep 09 11:21 BST
Output:
----------------------------------------------------------
Not using an input file
Not expecting an error
Using output file: /Users/tbcdigital/Developer/lci-future/lci/test/1.3-Tests/1-Structure/17-Includes/test.out
Not doing memory check.
Command: /Users/tbcdigital/Developer/lci-future/lci/lci /Users/tbcdigital/Developer/lci-future/lci/test/1.3-Tests/1-Structure/17-Includes/test.lol
Success!


<end of output>
Test time =   0.07 sec
----------------------------------------------------------
Test Passed.
"17-Includes" end time: Sep 09 11:21 BST
"17-Includes" time elapsed: 00:00:00
----------------------------------------------------------

19/316 Testing: 1-EndOfLine
19/316 Test: 1-EndOfLine
Command: "/usr/local/bin/python" "/Users/tbcdigital/Developer/lci-future/lci/test/testDriver.py" "/Users/tbcdigital/Developer/lci-future/lci/lci" "/Users/tbcdigital/Developer/lci-future/lci/test/1.3-Tests/2-Comments/1-SingleLine/1-EndOfLine/test.lol" "-o=/Users/tbcdigital/Developer/lci-future/lci/test/1.3-Tests/2-Comments/1-SingleLine/1-EndOfLine/test.out"
Directory: /Users/tbcdigital/Developer/lci-future/lci/test/1.3-Tests/2-Comments/1-SingleLine/1-EndOfLine
"1-EndOfLine" start time: Sep 09 11:21 BST
Output:
----------------------------------------------------------
Not using an input file
Not expecting an error
Using output file: /Users/tbcdigital/Developer/lci-future/lci/test/1.3-Tests/2-Comments/1-SingleLine/1-EndOfLine/test.out
Not doing memory check.
Command: /Users/tbcdigital/Developer/lci-future/lci/lci /Users/tbcdigital/Developer/lci-future/lci/test/1.3-Tests/2-Comments/1-SingleLine/1-EndOfLine/test.lol
Success!


<end of output>
Test time =   0.09 sec
----------------------------------------------------------
Test Passed.
"1-EndOfLine" end time: Sep 09 11:21 BST
"1-EndOfLine" time elapsed: 00:00:00
----------------------------------------------------------

20/316 Testing: 2-SeparateLine
20/316 Test: 2-SeparateLine
Command: "/usr/local/bin/python" "/Users/tbcdigital/Developer/lci-future/lci/test/testDriver.py" "/Users/tbcdigital/Developer/lci-future/lci/lci" "/Users/tbcdigital/Developer/lci-future/lci/test/1.3-Tests/2-Comments/1-SingleLine/2-SeparateLine/test.lol" "-o=/Users/tbcdigital/Developer/lci-future/lci/test/1.3-Tests/2-Comments/1-SingleLine/2-SeparateLine/test.out"
Directory: /Users/tbcdigital/Developer/lci-future/lci/test/1.3-Tests/2-Comments/1-SingleLine/2-SeparateLine
"2-SeparateLine" start time: Sep 09 11:21 BST
Output:
----------------------------------------------------------
Not using an input file
Not expecting an error
Using output file: /Users/tbcdigital/Developer/lci-future/lci/test/1.3-Tests/2-Comments/1-SingleLine/2-SeparateLine/test.out
Not doing memory check.
Command: /Users/tbcdigital/Developer/lci-future/lci/lci /Users/tbcdigital/Developer/lci-future/lci/test/1.3-Tests/2-Comments/1-SingleLine/2-SeparateLine/test.lol
Success!


<end of output>
Test time =   0.07 sec
----------------------------------------------------------
Test Passed.
"2-SeparateLine" end time: Sep 09 11:21 BST
"2-SeparateLine" time elapsed: 00:00:00
----------------------------------------------------------

21/316 Testing: 3-AfterCommaSeparator
21/316 Test: 3-AfterCommaSeparator
Command: "/usr/local/bin/python" "/Users/tbcdigital/Developer/lci-future/lci/test/testDriver.py" "/Users/tbcdigital/Developer/lci-future/lci/lci" "/Users/tbcdigital/Developer/lci-future/lci/test/1.3-Tests/2-Comments/1-SingleLine/3-AfterCommaSeparator/test.lol" "-o=/Users/tbcdigital/Developer/lci-future/lci/test/1.3-Tests/2-Comments/1-SingleLine/3-AfterCommaSeparator/test.out"
Directory: /Users/tbcdigital/Developer/lci-future/lci/test/1.3-Tests/2-Comments/1-SingleLine/3-AfterCommaSeparator
"3-AfterCommaSeparator" start time: Sep 09 11:21 BST
Output:
----------------------------------------------------------
Not using an input file
Not expecting an error
Using output file: /Users/tbcdigital/Developer/lci-future/lci/test/1.3-Tests/2-Comments/1-SingleLine/3-AfterCommaSeparator/test.out
Not doing memory check.
Command: /Users/tbcdigital/Developer/lci-future/lci/lci /Users/tbcdigital/Developer/lci-future/lci/test/1.3-Tests/2-Comments/1-SingleLine/3-AfterCommaSeparator/test.lol
Success!


<end of output>
Test time =   0.07 sec
----------------------------------------------------------
Test Passed.
"3-AfterCommaSeparator" end time: Sep 09 11:21 BST
"3-AfterCommaSeparator" time elapsed: 00:00:00
----------------------------------------------------------

22/316 Testing: 4-BeforeHAI
22/316 Test: 4-BeforeHAI
Command: "/usr/local/bin/python" "/Users/tbcdigital/Developer/lci-future/lci/test/testDriver.py" "/Users/tbcdigital/Developer/lci-future/lci/lci" "/Users/tbcdigital/Developer/lci-future/lci/test/1.3-Tests/2-Comments/1-SingleLine/4-BeforeHAI/test.lol" "-o=/Users/tbcdigital/Developer/lci-future/lci/test/1.3-Tests/2-Comments/1-SingleLine/4-BeforeHAI/test.out"
Directory: /Users/tbcdigital/Developer/lci-future/lci/test/1.3-Tests/2-Comments/1-SingleLine/4-BeforeHAI
"4-BeforeHAI" start time: Sep 09 11:21 BST
Output:
----------------------------------------------------------
Not using an input file
Not expecting an error
Using output file: /Users/tbcdigital/Developer/lci-future/lci/test/1.3-Tests/2-Comments/1-SingleLine/4-BeforeHAI/test.out
Not doing memory check.
Command: /Users/tbcdigital/Developer/lci-future/lci/lci /Users/tbcdigital/Developer/lci-future/lci/test/1.3-Tests/2-Comments/1-SingleLine/4-BeforeHAI/test.lol
Success!


<end of output>
Test time =   0.07 sec
----------------------------------------------------------
Test Passed.
"4-BeforeHAI" end time: Sep 09 11:21 BST
"4-BeforeHAI" time elapsed: 00:00:00
----------------------------------------------------------

23/316 Testing: 5-AfterKTHXBYE
23/316 Test: 5-AfterKTHXBYE
Command: "/usr/local/bin/python" "/Users/tbcdigital/Developer/lci-future/lci/test/testDriver.py" "/Users/tbcdigital/Developer/lci-future/lci/lci" "/Users/tbcdigital/Developer/lci-future/lci/test/1.3-Tests/2-Comments/1-SingleLine/5-AfterKTHXBYE/test.lol" "-o=/Users/tbcdigital/Developer/lci-future/lci/test/1.3-Tests/2-Comments/1-SingleLine/5-AfterKTHXBYE/test.out"
Directory: /Users/tbcdigital/Developer/lci-future/lci/test/1.3-Tests/2-Comments/1-SingleLine/5-AfterKTHXBYE
"5-AfterKTHXBYE" start time: Sep 09 11:21 BST
Output:
----------------------------------------------------------
Not using an input file
Not expecting an error
Using output file: /Users/tbcdigital/Developer/lci-future/lci/test/1.3-Tests/2-Comments/1-SingleLine/5-AfterKTHXBYE/test.out
Not doing memory check.
Command: /Users/tbcdigital/Developer/lci-future/lci/lci /Users/tbcdigital/Developer/lci-future/lci/test/1.3-Tests/2-Comments/1-SingleLine/5-AfterKTHXBYE/test.lol
Success!


<end of output>
Test time =   0.08 sec
----------------------------------------------------------
Test Passed.
"5-AfterKTHXBYE" end time: Sep 09 11:21 BST
"5-AfterKTHXBYE" time elapsed: 00:00:00
----------------------------------------------------------

24/316 Testing: 6-IgnoreContinuation
24/316 Test: 6-IgnoreContinuation
Command: "/usr/local/bin/python" "/Users/tbcdigital/Developer/lci-future/lci/test/testDriver.py" "/Users/tbcdigital/Developer/lci-future/lci/lci" "/Users/tbcdigital/Developer/lci-future/lci/test/1.3-Tests/2-Comments/1-SingleLine/6-IgnoreContinuation/test.lol" "-e"
Directory: /Users/tbcdigital/Developer/lci-future/lci/test/1.3-Tests/2-Comments/1-SingleLine/6-IgnoreContinuation
"6-IgnoreContinuation" start time: Sep 09 11:21 BST
Output:
----------------------------------------------------------
Not using an input file
Expecting an error
Not using an output file
Not doing memory check.
Command: /Users/tbcdigital/Developer/lci-future/lci/lci /Users/tbcdigital/Developer/lci-future/lci/test/1.3-Tests/2-Comments/1-SingleLine/6-IgnoreContinuation/test.lol
Success!
Error:
/Users/tbcdigital/Developer/lci-future/lci/test/1.3-Tests/2-Comments/1-SingleLine/6-IgnoreContinuation/test.lol:3: expected end of expression at: sit

<end of output>
Test time =   0.07 sec
----------------------------------------------------------
Test Passed.
"6-IgnoreContinuation" end time: Sep 09 11:21 BST
"6-IgnoreContinuation" time elapsed: 00:00:00
----------------------------------------------------------

25/316 Testing: 7-IgnoreJoin
25/316 Test: 7-IgnoreJoin
Command: "/usr/local/bin/python" "/Users/tbcdigital/Developer/lci-future/lci/test/testDriver.py" "/Users/tbcdigital/Developer/lci-future/lci/lci" "/Users/tbcdigital/Developer/lci-future/lci/test/1.3-Tests/2-Comments/1-SingleLine/7-IgnoreJoin/test.lol" "-o=/Users/tbcdigital/Developer/lci-future/lci/test/1.3-Tests/2-Comments/1-SingleLine/7-IgnoreJoin/test.out"
Directory: /Users/tbcdigital/Developer/lci-future/lci/test/1.3-Tests/2-Comments/1-SingleLine/7-IgnoreJoin
"7-IgnoreJoin" start time: Sep 09 11:21 BST
Output:
----------------------------------------------------------
Not using an input file
Not expecting an error
Using output file: /Users/tbcdigital/Developer/lci-future/lci/test/1.3-Tests/2-Comments/1-SingleLine/7-IgnoreJoin/test.out
Not doing memory check.
Command: /Users/tbcdigital/Developer/lci-future/lci/lci /Users/tbcdigital/Developer/lci-future/lci/test/1.3-Tests/2-Comments/1-SingleLine/7-IgnoreJoin/test.lol
Success!


<end of output>
Test time =   0.07 sec
----------------------------------------------------------
Test Passed.
"7-IgnoreJoin" end time: Sep 09 11:21 BST
"7-IgnoreJoin" time elapsed: 00:00:00
----------------------------------------------------------

26/316 Testing: 1-SeparateStartEndLines
26/316 Test: 1-SeparateStartEndLines
Command: "/usr/local/bin/python" "/Users/tbcdigital/Developer/lci-future/lci/test/testDriver.py" "/Users/tbcdigital/Developer/lci-future/lci/lci" "/Users/tbcdigital/Developer/lci-future/lci/test/1.3-Tests/2-Comments/2-MultipleLine/1-SeparateStartEndLines/test.lol" "-o=/Users/tbcdigital/Developer/lci-future/lci/test/1.3-Tests/2-Comments/2-MultipleLine/1-SeparateStartEndLines/test.out"
Directory: /Users/tbcdigital/Developer/lci-future/lci/test/1.3-Tests/2-Comments/2-MultipleLine/1-SeparateStartEndLines
"1-SeparateStartEndLines" start time: Sep 09 11:21 BST
Output:
----------------------------------------------------------
Not using an input file
Not expecting an error
Using output file: /Users/tbcdigital/Developer/lci-future/lci/test/1.3-Tests/2-Comments/2-MultipleLine/1-SeparateStartEndLines/test.out
Not doing memory check.
Command: /Users/tbcdigital/Developer/lci-future/lci/lci /Users/tbcdigital/Developer/lci-future/lci/test/1.3-Tests/2-Comments/2-MultipleLine/1-SeparateStartEndLines/test.lol
Success!


<end of output>
Test time =   0.08 sec
----------------------------------------------------------
Test Passed.
"1-SeparateStartEndLines" end time: Sep 09 11:21 BST
"1-SeparateStartEndLines" time elapsed: 00:00:00
----------------------------------------------------------

27/316 Testing: 2-SeparateStartLineOnly
27/316 Test: 2-SeparateStartLineOnly
Command: "/usr/local/bin/python" "/Users/tbcdigital/Developer/lci-future/lci/test/testDriver.py" "/Users/tbcdigital/Developer/lci-future/lci/lci" "/Users/tbcdigital/Developer/lci-future/lci/test/1.3-Tests/2-Comments/2-MultipleLine/2-SeparateStartLineOnly/test.lol" "-o=/Users/tbcdigital/Developer/lci-future/lci/test/1.3-Tests/2-Comments/2-MultipleLine/2-SeparateStartLineOnly/test.out"
Directory: /Users/tbcdigital/Developer/lci-future/lci/test/1.3-Tests/2-Comments/2-MultipleLine/2-SeparateStartLineOnly
"2-SeparateStartLineOnly" start time: Sep 09 11:21 BST
Output:
----------------------------------------------------------
Not using an input file
Not expecting an error
Using output file: /Users/tbcdigital/Developer/lci-future/lci/test/1.3-Tests/2-Comments/2-MultipleLine/2-SeparateStartLineOnly/test.out
Not doing memory check.
Command: /Users/tbcdigital/Developer/lci-future/lci/lci /Users/tbcdigital/Developer/lci-future/lci/test/1.3-Tests/2-Comments/2-MultipleLine/2-SeparateStartLineOnly/test.lol
Success!


<end of output>
Test time =   0.07 sec
----------------------------------------------------------
Test Passed.
"2-SeparateStartLineOnly" end time: Sep 09 11:21 BST
"2-SeparateStartLineOnly" time elapsed: 00:00:00
----------------------------------------------------------

28/316 Testing: 3-SeparateEndLineOnly
28/316 Test: 3-SeparateEndLineOnly
Command: "/usr/local/bin/python" "/Users/tbcdigital/Developer/lci-future/lci/test/testDriver.py" "/Users/tbcdigital/Developer/lci-future/lci/lci" "/Users/tbcdigital/Developer/lci-future/lci/test/1.3-Tests/2-Comments/2-MultipleLine/3-SeparateEndLineOnly/test.lol" "-o=/Users/tbcdigital/Developer/lci-future/lci/test/1.3-Tests/2-Comments/2-MultipleLine/3-SeparateEndLineOnly/test.out"
Directory: /Users/tbcdigital/Developer/lci-future/lci/test/1.3-Tests/2-Comments/2-MultipleLine/3-SeparateEndLineOnly
"3-SeparateEndLineOnly" start time: Sep 09 11:21 BST
Output:
----------------------------------------------------------
Not using an input file
Not expecting an error
Using output file: /Users/tbcdigital/Developer/lci-future/lci/test/1.3-Tests/2-Comments/2-MultipleLine/3-SeparateEndLineOnly/test.out
Not doing memory check.
Command: /Users/tbcdigital/Developer/lci-future/lci/lci /Users/tbcdigital/Developer/lci-future/lci/test/1.3-Tests/2-Comments/2-MultipleLine/3-SeparateEndLineOnly/test.lol
Success!


<end of output>
Test time =   0.07 sec
----------------------------------------------------------
Test Passed.
"3-SeparateEndLineOnly" end time: Sep 09 11:21 BST
"3-SeparateEndLineOnly" time elapsed: 00:00:00
----------------------------------------------------------

29/316 Testing: 4-MustStartOnSeparateLine
29/316 Test: 4-MustStartOnSeparateLine
Command: "/usr/local/bin/python" "/Users/tbcdigital/Developer/lci-future/lci/test/testDriver.py" "/Users/tbcdigital/Developer/lci-future/lci/lci" "/Users/tbcdigital/Developer/lci-future/lci/test/1.3-Tests/2-Comments/2-MultipleLine/4-MustStartOnSeparateLine/test.lol" "-e"
Directory: /Users/tbcdigital/Developer/lci-future/lci/test/1.3-Tests/2-Comments/2-MultipleLine/4-MustStartOnSeparateLine
"4-MustStartOnSeparateLine" start time: Sep 09 11:21 BST
Output:
----------------------------------------------------------
Not using an input file
Expecting an error
Not using an output file
Not doing memory check.
Command: /Users/tbcdigital/Developer/lci-future/lci/lci /Users/tbcdigital/Developer/lci-future/lci/test/1.3-Tests/2-Comments/2-MultipleLine/4-MustStartOnSeparateLine/test.lol
Success!
Error:
/Users/tbcdigital/Developer/lci-future/lci/test/1.3-Tests/2-Comments/2-MultipleLine/4-MustStartOnSeparateLine/test.lol:3: unknown token at: elit.

<end of output>
Test time =   0.07 sec
----------------------------------------------------------
Test Passed.
"4-MustStartOnSeparateLine" end time: Sep 09 11:21 BST
"4-MustStartOnSeparateLine" time elapsed: 00:00:00
----------------------------------------------------------

30/316 Testing: 5-MustEndOnOwnLine
30/316 Test: 5-MustEndOnOwnLine
Command: "/usr/local/bin/python" "/Users/tbcdigital/Developer/lci-future/lci/test/testDriver.py" "/Users/tbcdigital/Developer/lci-future/lci/lci" "/Users/tbcdigital/Developer/lci-future/lci/test/1.3-Tests/2-Comments/2-MultipleLine/5-MustEndOnOwnLine/test.lol" "-e"
Directory: /Users/tbcdigital/Developer/lci-future/lci/test/1.3-Tests/2-Comments/2-MultipleLine/5-MustEndOnOwnLine
"5-MustEndOnOwnLine" start time: Sep 09 11:21 BST
Output:
----------------------------------------------------------
Not using an input file
Expecting an error
Not using an output file
Not doing memory check.
Command: /Users/tbcdigital/Developer/lci-future/lci/lci /Users/tbcdigital/Developer/lci-future/lci/test/1.3-Tests/2-Comments/2-MultipleLine/5-MustEndOnOwnLine/test.lol
Success!
Error:
/Users/tbcdigital/Developer/lci-future/lci/test/1.3-Tests/2-Comments/2-MultipleLine/5-MustEndOnOwnLine/test.lol:13: multiple line comment may not appear on the same line as code

<end of output>
Test time =   0.07 sec
----------------------------------------------------------
Test Passed.
"5-MustEndOnOwnLine" end time: Sep 09 11:21 BST
"5-MustEndOnOwnLine" time elapsed: 00:00:00
----------------------------------------------------------

31/316 Testing: 6-BeginAfterLineSeparator
31/316 Test: 6-BeginAfterLineSeparator
Command: "/usr/local/bin/python" "/Users/tbcdigital/Developer/lci-future/lci/test/testDriver.py" "/Users/tbcdigital/Developer/lci-future/lci/lci" "/Users/tbcdigital/Developer/lci-future/lci/test/1.3-Tests/2-Comments/2-MultipleLine/6-BeginAfterLineSeparator/test.lol" "-o=/Users/tbcdigital/Developer/lci-future/lci/test/1.3-Tests/2-Comments/2-MultipleLine/6-BeginAfterLineSeparator/test.out"
Directory: /Users/tbcdigital/Developer/lci-future/lci/test/1.3-Tests/2-Comments/2-MultipleLine/6-BeginAfterLineSeparator
"6-BeginAfterLineSeparator" start time: Sep 09 11:21 BST
Output:
----------------------------------------------------------
Not using an input file
Not expecting an error
Using output file: /Users/tbcdigital/Developer/lci-future/lci/test/1.3-Tests/2-Comments/2-MultipleLine/6-BeginAfterLineSeparator/test.out
Not doing memory check.
Command: /Users/tbcdigital/Developer/lci-future/lci/lci /Users/tbcdigital/Developer/lci-future/lci/test/1.3-Tests/2-Comments/2-MultipleLine/6-BeginAfterLineSeparator/test.lol
Success!


<end of output>
Test time =   0.07 sec
----------------------------------------------------------
Test Passed.
"6-BeginAfterLineSeparator" end time: Sep 09 11:21 BST
"6-BeginAfterLineSeparator" time elapsed: 00:00:00
----------------------------------------------------------

32/316 Testing: 7-EndBeforeLineSeparator
32/316 Test: 7-EndBeforeLineSeparator
Command: "/usr/local/bin/python" "/Users/tbcdigital/Developer/lci-future/lci/test/testDriver.py" "/Users/tbcdigital/Developer/lci-future/lci/lci" "/Users/tbcdigital/Developer/lci-future/lci/test/1.3-Tests/2-Comments/2-MultipleLine/7-EndBeforeLineSeparator/test.lol" "-o=/Users/tbcdigital/Developer/lci-future/lci/test/1.3-Tests/2-Comments/2-MultipleLine/7-EndBeforeLineSeparator/test.out"
Directory: /Users/tbcdigital/Developer/lci-future/lci/test/1.3-Tests/2-Comments/2-MultipleLine/7-EndBeforeLineSeparator
"7-EndBeforeLineSeparator" start time: Sep 09 11:21 BST
Output:
----------------------------------------------------------
Not using an input file
Not expecting an error
Using output file: /Users/tbcdigital/Developer/lci-future/lci/test/1.3-Tests/2-Comments/2-MultipleLine/7-EndBeforeLineSeparator/test.out
Not doing memory check.
Command: /Users/tbcdigital/Developer/lci-future/lci/lci /Users/tbcdigital/Developer/lci-future/lci/test/1.3-Tests/2-Comments/2-MultipleLine/7-EndBeforeLineSeparator/test.lol
Success!


<end of output>
Test time =   0.07 sec
----------------------------------------------------------
Test Passed.
"7-EndBeforeLineSeparator" end time: Sep 09 11:21 BST
"7-EndBeforeLineSeparator" time elapsed: 00:00:00
----------------------------------------------------------

33/316 Testing: 8-IgnoreEmbeddedBTW
33/316 Test: 8-IgnoreEmbeddedBTW
Command: "/usr/local/bin/python" "/Users/tbcdigital/Developer/lci-future/lci/test/testDriver.py" "/Users/tbcdigital/Developer/lci-future/lci/lci" "/Users/tbcdigital/Developer/lci-future/lci/test/1.3-Tests/2-Comments/2-MultipleLine/8-IgnoreEmbeddedBTW/test.lol" "-o=/Users/tbcdigital/Developer/lci-future/lci/test/1.3-Tests/2-Comments/2-MultipleLine/8-IgnoreEmbeddedBTW/test.out"
Directory: /Users/tbcdigital/Developer/lci-future/lci/test/1.3-Tests/2-Comments/2-MultipleLine/8-IgnoreEmbeddedBTW
"8-IgnoreEmbeddedBTW" start time: Sep 09 11:21 BST
Output:
----------------------------------------------------------
Not using an input file
Not expecting an error
Using output file: /Users/tbcdigital/Developer/lci-future/lci/test/1.3-Tests/2-Comments/2-MultipleLine/8-IgnoreEmbeddedBTW/test.out
Not doing memory check.
Command: /Users/tbcdigital/Developer/lci-future/lci/lci /Users/tbcdigital/Developer/lci-future/lci/test/1.3-Tests/2-Comments/2-MultipleLine/8-IgnoreEmbeddedBTW/test.lol
Success!


<end of output>
Test time =   0.08 sec
----------------------------------------------------------
Test Passed.
"8-IgnoreEmbeddedBTW" end time: Sep 09 11:21 BST
"8-IgnoreEmbeddedBTW" time elapsed: 00:00:00
----------------------------------------------------------

34/316 Testing: 9-BeforeHAI
34/316 Test: 9-BeforeHAI
Command: "/usr/local/bin/python" "/Users/tbcdigital/Developer/lci-future/lci/test/testDriver.py" "/Users/tbcdigital/Developer/lci-future/lci/lci" "/Users/tbcdigital/Developer/lci-future/lci/test/1.3-Tests/2-Comments/2-MultipleLine/9-BeforeHAI/test.lol" "-o=/Users/tbcdigital/Developer/lci-future/lci/test/1.3-Tests/2-Comments/2-MultipleLine/9-BeforeHAI/test.out"
Directory: /Users/tbcdigital/Developer/lci-future/lci/test/1.3-Tests/2-Comments/2-MultipleLine/9-BeforeHAI
"9-BeforeHAI" start time: Sep 09 11:21 BST
Output:
----------------------------------------------------------
Not using an input file
Not expecting an error
Using output file: /Users/tbcdigital/Developer/lci-future/lci/test/1.3-Tests/2-Comments/2-MultipleLine/9-BeforeHAI/test.out
Not doing memory check.
Command: /Users/tbcdigital/Developer/lci-future/lci/lci /Users/tbcdigital/Developer/lci-future/lci/test/1.3-Tests/2-Comments/2-MultipleLine/9-BeforeHAI/test.lol
Success!


<end of output>
Test time =   0.07 sec
----------------------------------------------------------
Test Passed.
"9-BeforeHAI" end time: Sep 09 11:21 BST
"9-BeforeHAI" time elapsed: 00:00:00
----------------------------------------------------------

35/316 Testing: 10-AfterKTHXBYE
35/316 Test: 10-AfterKTHXBYE
Command: "/usr/local/bin/python" "/Users/tbcdigital/Developer/lci-future/lci/test/testDriver.py" "/Users/tbcdigital/Developer/lci-future/lci/lci" "/Users/tbcdigital/Developer/lci-future/lci/test/1.3-Tests/2-Comments/2-MultipleLine/10-AfterKTHXBYE/test.lol" "-o=/Users/tbcdigital/Developer/lci-future/lci/test/1.3-Tests/2-Comments/2-MultipleLine/10-AfterKTHXBYE/test.out"
Directory: /Users/tbcdigital/Developer/lci-future/lci/test/1.3-Tests/2-Comments/2-MultipleLine/10-AfterKTHXBYE
"10-AfterKTHXBYE" start time: Sep 09 11:21 BST
Output:
----------------------------------------------------------
Not using an input file
Not expecting an error
Using output file: /Users/tbcdigital/Developer/lci-future/lci/test/1.3-Tests/2-Comments/2-MultipleLine/10-AfterKTHXBYE/test.out
Not doing memory check.
Command: /Users/tbcdigital/Developer/lci-future/lci/lci /Users/tbcdigital/Developer/lci-future/lci/test/1.3-Tests/2-Comments/2-MultipleLine/10-AfterKTHXBYE/test.lol
Success!


<end of output>
Test time =   0.07 sec
----------------------------------------------------------
Test Passed.
"10-AfterKTHXBYE" end time: Sep 09 11:21 BST
"10-AfterKTHXBYE" time elapsed: 00:00:00
----------------------------------------------------------

36/316 Testing: 1-NilToBoolean
36/316 Test: 1-NilToBoolean
Command: "/usr/local/bin/python" "/Users/tbcdigital/Developer/lci-future/lci/test/testDriver.py" "/Users/tbcdigital/Developer/lci-future/lci/lci" "/Users/tbcdigital/Developer/lci-future/lci/test/1.3-Tests/3-Types/1-Nil/1-NilToBoolean/test.lol" "-o=/Users/tbcdigital/Developer/lci-future/lci/test/1.3-Tests/3-Types/1-Nil/1-NilToBoolean/test.out"
Directory: /Users/tbcdigital/Developer/lci-future/lci/test/1.3-Tests/3-Types/1-Nil/1-NilToBoolean
"1-NilToBoolean" start time: Sep 09 11:21 BST
Output:
----------------------------------------------------------
Not using an input file
Not expecting an error
Using output file: /Users/tbcdigital/Developer/lci-future/lci/test/1.3-Tests/3-Types/1-Nil/1-NilToBoolean/test.out
Not doing memory check.
Command: /Users/tbcdigital/Developer/lci-future/lci/lci /Users/tbcdigital/Developer/lci-future/lci/test/1.3-Tests/3-Types/1-Nil/1-NilToBoolean/test.lol
Success!


<end of output>
Test time =   0.07 sec
----------------------------------------------------------
Test Passed.
"1-NilToBoolean" end time: Sep 09 11:21 BST
"1-NilToBoolean" time elapsed: 00:00:00
----------------------------------------------------------

37/316 Testing: 2-NilToInteger
37/316 Test: 2-NilToInteger
Command: "/usr/local/bin/python" "/Users/tbcdigital/Developer/lci-future/lci/test/testDriver.py" "/Users/tbcdigital/Developer/lci-future/lci/lci" "/Users/tbcdigital/Developer/lci-future/lci/test/1.3-Tests/3-Types/1-Nil/2-NilToInteger/test.lol" "-e"
Directory: /Users/tbcdigital/Developer/lci-future/lci/test/1.3-Tests/3-Types/1-Nil/2-NilToInteger
"2-NilToInteger" start time: Sep 09 11:21 BST
Output:
----------------------------------------------------------
Not using an input file
Expecting an error
Not using an output file
Not doing memory check.
Command: /Users/tbcdigital/Developer/lci-future/lci/lci /Users/tbcdigital/Developer/lci-future/lci/test/1.3-Tests/3-Types/1-Nil/2-NilToInteger/test.lol
Success!
Error:
Cannot implicitly cast nil

<end of output>
Test time =   0.07 sec
----------------------------------------------------------
Test Passed.
"2-NilToInteger" end time: Sep 09 11:21 BST
"2-NilToInteger" time elapsed: 00:00:00
----------------------------------------------------------

38/316 Testing: 3-NilToFloat
38/316 Test: 3-NilToFloat
Command: "/usr/local/bin/python" "/Users/tbcdigital/Developer/lci-future/lci/test/testDriver.py" "/Users/tbcdigital/Developer/lci-future/lci/lci" "/Users/tbcdigital/Developer/lci-future/lci/test/1.3-Tests/3-Types/1-Nil/3-NilToFloat/test.lol" "-e"
Directory: /Users/tbcdigital/Developer/lci-future/lci/test/1.3-Tests/3-Types/1-Nil/3-NilToFloat
"3-NilToFloat" start time: Sep 09 11:21 BST
Output:
----------------------------------------------------------
Not using an input file
Expecting an error
Not using an output file
Not doing memory check.
Command: /Users/tbcdigital/Developer/lci-future/lci/lci /Users/tbcdigital/Developer/lci-future/lci/test/1.3-Tests/3-Types/1-Nil/3-NilToFloat/test.lol
Success!
Error:
Cannot implicitly cast nil

<end of output>
Test time =   0.07 sec
----------------------------------------------------------
Test Passed.
"3-NilToFloat" end time: Sep 09 11:21 BST
"3-NilToFloat" time elapsed: 00:00:00
----------------------------------------------------------

39/316 Testing: 4-NilToString
39/316 Test: 4-NilToString
Command: "/usr/local/bin/python" "/Users/tbcdigital/Developer/lci-future/lci/test/testDriver.py" "/Users/tbcdigital/Developer/lci-future/lci/lci" "/Users/tbcdigital/Developer/lci-future/lci/test/1.3-Tests/3-Types/1-Nil/4-NilToString/test.lol" "-e"
Directory: /Users/tbcdigital/Developer/lci-future/lci/test/1.3-Tests/3-Types/1-Nil/4-NilToString
"4-NilToString" start time: Sep 09 11:21 BST
Output:
----------------------------------------------------------
Not using an input file
Expecting an error
Not using an output file
Not doing memory check.
Command: /Users/tbcdigital/Developer/lci-future/lci/lci /Users/tbcdigital/Developer/lci-future/lci/test/1.3-Tests/3-Types/1-Nil/4-NilToString/test.lol
Success!
Error:
Cannot implicitly cast nil

<end of output>
Test time =   0.08 sec
----------------------------------------------------------
Test Passed.
"4-NilToString" end time: Sep 09 11:21 BST
"4-NilToString" time elapsed: 00:00:00
----------------------------------------------------------

40/316 Testing: 1-BooleanImplicitCasts
40/316 Test: 1-BooleanImplicitCasts
Command: "/usr/local/bin/python" "/Users/tbcdigital/Developer/lci-future/lci/test/testDriver.py" "/Users/tbcdigital/Developer/lci-future/lci/lci" "/Users/tbcdigital/Developer/lci-future/lci/test/1.3-Tests/3-Types/2-Boolean/1-BooleanImplicitCasts/test.lol" "-o=/Users/tbcdigital/Developer/lci-future/lci/test/1.3-Tests/3-Types/2-Boolean/1-BooleanImplicitCasts/test.out"
Directory: /Users/tbcdigital/Developer/lci-future/lci/test/1.3-Tests/3-Types/2-Boolean/1-BooleanImplicitCasts
"1-BooleanImplicitCasts" start time: Sep 09 11:21 BST
Output:
----------------------------------------------------------
Not using an input file
Not expecting an error
Using output file: /Users/tbcdigital/Developer/lci-future/lci/test/1.3-Tests/3-Types/2-Boolean/1-BooleanImplicitCasts/test.out
Not doing memory check.
Command: /Users/tbcdigital/Developer/lci-future/lci/lci /Users/tbcdigital/Developer/lci-future/lci/test/1.3-Tests/3-Types/2-Boolean/1-BooleanImplicitCasts/test.lol
Success!


<end of output>
Test time =   0.10 sec
----------------------------------------------------------
Test Passed.
"1-BooleanImplicitCasts" end time: Sep 09 11:21 BST
"1-BooleanImplicitCasts" time elapsed: 00:00:00
----------------------------------------------------------

41/316 Testing: 1-NegativeValue
41/316 Test: 1-NegativeValue
Command: "/usr/local/bin/python" "/Users/tbcdigital/Developer/lci-future/lci/test/testDriver.py" "/Users/tbcdigital/Developer/lci-future/lci/lci" "/Users/tbcdigital/Developer/lci-future/lci/test/1.3-Tests/3-Types/3-Integer/1-NegativeValue/test.lol" "-o=/Users/tbcdigital/Developer/lci-future/lci/test/1.3-Tests/3-Types/3-Integer/1-NegativeValue/test.out"
Directory: /Users/tbcdigital/Developer/lci-future/lci/test/1.3-Tests/3-Types/3-Integer/1-NegativeValue
"1-NegativeValue" start time: Sep 09 11:21 BST
Output:
----------------------------------------------------------
Not using an input file
Not expecting an error
Using output file: /Users/tbcdigital/Developer/lci-future/lci/test/1.3-Tests/3-Types/3-Integer/1-NegativeValue/test.out
Not doing memory check.
Command: /Users/tbcdigital/Developer/lci-future/lci/lci /Users/tbcdigital/Developer/lci-future/lci/test/1.3-Tests/3-Types/3-Integer/1-NegativeValue/test.lol
Success!


<end of output>
Test time =   0.07 sec
----------------------------------------------------------
Test Passed.
"1-NegativeValue" end time: Sep 09 11:21 BST
"1-NegativeValue" time elapsed: 00:00:00
----------------------------------------------------------

42/316 Testing: 2-MustHaveAdjacentHyphen
42/316 Test: 2-MustHaveAdjacentHyphen
Command: "/usr/local/bin/python" "/Users/tbcdigital/Developer/lci-future/lci/test/testDriver.py" "/Users/tbcdigital/Developer/lci-future/lci/lci" "/Users/tbcdigital/Developer/lci-future/lci/test/1.3-Tests/3-Types/3-Integer/2-MustHaveAdjacentHyphen/test.lol" "-e"
Directory: /Users/tbcdigital/Developer/lci-future/lci/test/1.3-Tests/3-Types/3-Integer/2-MustHaveAdjacentHyphen
"2-MustHaveAdjacentHyphen" start time: Sep 09 11:21 BST
Output:
----------------------------------------------------------
Not using an input file
Expecting an error
Not using an output file
Not doing memory check.
Command: /Users/tbcdigital/Developer/lci-future/lci/lci /Users/tbcdigital/Developer/lci-future/lci/test/1.3-Tests/3-Types/3-Integer/2-MustHaveAdjacentHyphen/test.lol
Success!
Error:
/Users/tbcdigital/Developer/lci-future/lci/test/1.3-Tests/3-Types/3-Integer/2-MustHaveAdjacentHyphen/test.lol:2: expected integer value
/Users/tbcdigital/Developer/lci-future/lci/test/1.3-Tests/3-Types/3-Integer/2-MustHaveAdjacentHyphen/test.lol:2: expected end of statement at: 123

<end of output>
Test time =   0.07 sec
----------------------------------------------------------
Test Passed.
"2-MustHaveAdjacentHyphen" end time: Sep 09 11:21 BST
"2-MustHaveAdjacentHyphen" time elapsed: 00:00:00
----------------------------------------------------------

43/316 Testing: 3-ImplicitCasts
43/316 Test: 3-ImplicitCasts
Command: "/usr/local/bin/python" "/Users/tbcdigital/Developer/lci-future/lci/test/testDriver.py" "/Users/tbcdigital/Developer/lci-future/lci/lci" "/Users/tbcdigital/Developer/lci-future/lci/test/1.3-Tests/3-Types/3-Integer/3-ImplicitCasts/test.lol" "-o=/Users/tbcdigital/Developer/lci-future/lci/test/1.3-Tests/3-Types/3-Integer/3-ImplicitCasts/test.out"
Directory: /Users/tbcdigital/Developer/lci-future/lci/test/1.3-Tests/3-Types/3-Integer/3-ImplicitCasts
"3-ImplicitCasts" start time: Sep 09 11:21 BST
Output:
----------------------------------------------------------
Not using an input file
Not expecting an error
Using output file: /Users/tbcdigital/Developer/lci-future/lci/test/1.3-Tests/3-Types/3-Integer/3-ImplicitCasts/test.out
Not doing memory check.
Command: /Users/tbcdigital/Developer/lci-future/lci/lci /Users/tbcdigital/Developer/lci-future/lci/test/1.3-Tests/3-Types/3-Integer/3-ImplicitCasts/test.lol
Success!


<end of output>
Test time =   0.07 sec
----------------------------------------------------------
Test Passed.
"3-ImplicitCasts" end time: Sep 09 11:21 BST
"3-ImplicitCasts" time elapsed: 00:00:00
----------------------------------------------------------

44/316 Testing: 1-OnlyOneDecimalPoint
44/316 Test: 1-OnlyOneDecimalPoint
Command: "/usr/local/bin/python" "/Users/tbcdigital/Developer/lci-future/lci/test/testDriver.py" "/Users/tbcdigital/Developer/lci-future/lci/lci" "/Users/tbcdigital/Developer/lci-future/lci/test/1.3-Tests/3-Types/4-Float/1-OnlyOneDecimalPoint/test.lol" "-e"
Directory: /Users/tbcdigital/Developer/lci-future/lci/test/1.3-Tests/3-Types/4-Float/1-OnlyOneDecimalPoint
"1-OnlyOneDecimalPoint" start time: Sep 09 11:21 BST
Output:
----------------------------------------------------------
Not using an input file
Expecting an error
Not using an output file
Not doing memory check.
Command: /Users/tbcdigital/Developer/lci-future/lci/lci /Users/tbcdigital/Developer/lci-future/lci/test/1.3-Tests/3-Types/4-Float/1-OnlyOneDecimalPoint/test.lol
Success!
Error:
/Users/tbcdigital/Developer/lci-future/lci/test/1.3-Tests/3-Types/4-Float/1-OnlyOneDecimalPoint/test.lol:2: unknown token at: 1..23

<end of output>
Test time =   0.07 sec
----------------------------------------------------------
Test Passed.
"1-OnlyOneDecimalPoint" end time: Sep 09 11:21 BST
"1-OnlyOneDecimalPoint" time elapsed: 00:00:00
----------------------------------------------------------

45/316 Testing: 2-MustHaveAdjacentHyphen
45/316 Test: 2-MustHaveAdjacentHyphen
Command: "/usr/local/bin/python" "/Users/tbcdigital/Developer/lci-future/lci/test/testDriver.py" "/Users/tbcdigital/Developer/lci-future/lci/lci" "/Users/tbcdigital/Developer/lci-future/lci/test/1.3-Tests/3-Types/4-Float/2-MustHaveAdjacentHyphen/test.lol" "-e"
Directory: /Users/tbcdigital/Developer/lci-future/lci/test/1.3-Tests/3-Types/4-Float/2-MustHaveAdjacentHyphen
"2-MustHaveAdjacentHyphen" start time: Sep 09 11:21 BST
Output:
----------------------------------------------------------
Not using an input file
Expecting an error
Not using an output file
Not doing memory check.
Command: /Users/tbcdigital/Developer/lci-future/lci/lci /Users/tbcdigital/Developer/lci-future/lci/test/1.3-Tests/3-Types/4-Float/2-MustHaveAdjacentHyphen/test.lol
Success!
Error:
/Users/tbcdigital/Developer/lci-future/lci/test/1.3-Tests/3-Types/4-Float/2-MustHaveAdjacentHyphen/test.lol:2: expected integer value
/Users/tbcdigital/Developer/lci-future/lci/test/1.3-Tests/3-Types/4-Float/2-MustHaveAdjacentHyphen/test.lol:2: expected end of statement at: 1.23

<end of output>
Test time =   0.07 sec
----------------------------------------------------------
Test Passed.
"2-MustHaveAdjacentHyphen" end time: Sep 09 11:21 BST
"2-MustHaveAdjacentHyphen" time elapsed: 00:00:00
----------------------------------------------------------

46/316 Testing: 3-ImplicitCasts
46/316 Test: 3-ImplicitCasts
Command: "/usr/local/bin/python" "/Users/tbcdigital/Developer/lci-future/lci/test/testDriver.py" "/Users/tbcdigital/Developer/lci-future/lci/lci" "/Users/tbcdigital/Developer/lci-future/lci/test/1.3-Tests/3-Types/4-Float/3-ImplicitCasts/test.lol" "-o=/Users/tbcdigital/Developer/lci-future/lci/test/1.3-Tests/3-Types/4-Float/3-ImplicitCasts/test.out"
Directory: /Users/tbcdigital/Developer/lci-future/lci/test/1.3-Tests/3-Types/4-Float/3-ImplicitCasts
"3-ImplicitCasts" start time: Sep 09 11:21 BST
Output:
----------------------------------------------------------
Not using an input file
Not expecting an error
Using output file: /Users/tbcdigital/Developer/lci-future/lci/test/1.3-Tests/3-Types/4-Float/3-ImplicitCasts/test.out
Not doing memory check.
Command: /Users/tbcdigital/Developer/lci-future/lci/lci /Users/tbcdigital/Developer/lci-future/lci/test/1.3-Tests/3-Types/4-Float/3-ImplicitCasts/test.lol
Success!


<end of output>
Test time =   0.07 sec
----------------------------------------------------------
Test Passed.
"3-ImplicitCasts" end time: Sep 09 11:21 BST
"3-ImplicitCasts" time elapsed: 00:00:00
----------------------------------------------------------

47/316 Testing: 4-Truncation
47/316 Test: 4-Truncation
Command: "/usr/local/bin/python" "/Users/tbcdigital/Developer/lci-future/lci/test/testDriver.py" "/Users/tbcdigital/Developer/lci-future/lci/lci" "/Users/tbcdigital/Developer/lci-future/lci/test/1.3-Tests/3-Types/4-Float/4-Truncation/test.lol" "-o=/Users/tbcdigital/Developer/lci-future/lci/test/1.3-Tests/3-Types/4-Float/4-Truncation/test.out"
Directory: /Users/tbcdigital/Developer/lci-future/lci/test/1.3-Tests/3-Types/4-Float/4-Truncation
"4-Truncation" start time: Sep 09 11:21 BST
Output:
----------------------------------------------------------
Not using an input file
Not expecting an error
Using output file: /Users/tbcdigital/Developer/lci-future/lci/test/1.3-Tests/3-Types/4-Float/4-Truncation/test.out
Not doing memory check.
Command: /Users/tbcdigital/Developer/lci-future/lci/lci /Users/tbcdigital/Developer/lci-future/lci/test/1.3-Tests/3-Types/4-Float/4-Truncation/test.lol
Success!


<end of output>
Test time =   0.07 sec
----------------------------------------------------------
Test Passed.
"4-Truncation" end time: Sep 09 11:21 BST
"4-Truncation" time elapsed: 00:00:00
----------------------------------------------------------

48/316 Testing: 1-Newline
48/316 Test: 1-Newline
Command: "/usr/local/bin/python" "/Users/tbcdigital/Developer/lci-future/lci/test/testDriver.py" "/Users/tbcdigital/Developer/lci-future/lci/lci" "/Users/tbcdigital/Developer/lci-future/lci/test/1.3-Tests/3-Types/5-String/1-Escapes/1-Newline/test.lol" "-o=/Users/tbcdigital/Developer/lci-future/lci/test/1.3-Tests/3-Types/5-String/1-Escapes/1-Newline/test.out"
Directory: /Users/tbcdigital/Developer/lci-future/lci/test/1.3-Tests/3-Types/5-String/1-Escapes/1-Newline
"1-Newline" start time: Sep 09 11:21 BST
Output:
----------------------------------------------------------
Not using an input file
Not expecting an error
Using output file: /Users/tbcdigital/Developer/lci-future/lci/test/1.3-Tests/3-Types/5-String/1-Escapes/1-Newline/test.out
Not doing memory check.
Command: /Users/tbcdigital/Developer/lci-future/lci/lci /Users/tbcdigital/Developer/lci-future/lci/test/1.3-Tests/3-Types/5-String/1-Escapes/1-Newline/test.lol
Success!


<end of output>
Test time =   0.07 sec
----------------------------------------------------------
Test Passed.
"1-Newline" end time: Sep 09 11:21 BST
"1-Newline" time elapsed: 00:00:00
----------------------------------------------------------

49/316 Testing: 2-Tab
49/316 Test: 2-Tab
Command: "/usr/local/bin/python" "/Users/tbcdigital/Developer/lci-future/lci/test/testDriver.py" "/Users/tbcdigital/Developer/lci-future/lci/lci" "/Users/tbcdigital/Developer/lci-future/lci/test/1.3-Tests/3-Types/5-String/1-Escapes/2-Tab/test.lol" "-o=/Users/tbcdigital/Developer/lci-future/lci/test/1.3-Tests/3-Types/5-String/1-Escapes/2-Tab/test.out"
Directory: /Users/tbcdigital/Developer/lci-future/lci/test/1.3-Tests/3-Types/5-String/1-Escapes/2-Tab
"2-Tab" start time: Sep 09 11:21 BST
Output:
----------------------------------------------------------
Not using an input file
Not expecting an error
Using output file: /Users/tbcdigital/Developer/lci-future/lci/test/1.3-Tests/3-Types/5-String/1-Escapes/2-Tab/test.out
Not doing memory check.
Command: /Users/tbcdigital/Developer/lci-future/lci/lci /Users/tbcdigital/Developer/lci-future/lci/test/1.3-Tests/3-Types/5-String/1-Escapes/2-Tab/test.lol
Success!


<end of output>
Test time =   0.07 sec
----------------------------------------------------------
Test Passed.
"2-Tab" end time: Sep 09 11:21 BST
"2-Tab" time elapsed: 00:00:00
----------------------------------------------------------

50/316 Testing: 3-Bell
50/316 Test: 3-Bell
Command: "/usr/local/bin/python" "/Users/tbcdigital/Developer/lci-future/lci/test/testDriver.py" "/Users/tbcdigital/Developer/lci-future/lci/lci" "/Users/tbcdigital/Developer/lci-future/lci/test/1.3-Tests/3-Types/5-String/1-Escapes/3-Bell/test.lol" "-o=/Users/tbcdigital/Developer/lci-future/lci/test/1.3-Tests/3-Types/5-String/1-Escapes/3-Bell/test.out"
Directory: /Users/tbcdigital/Developer/lci-future/lci/test/1.3-Tests/3-Types/5-String/1-Escapes/3-Bell
"3-Bell" start time: Sep 09 11:21 BST
Output:
----------------------------------------------------------
Not using an input file
Not expecting an error
Using output file: /Users/tbcdigital/Developer/lci-future/lci/test/1.3-Tests/3-Types/5-String/1-Escapes/3-Bell/test.out
Not doing memory check.
Command: /Users/tbcdigital/Developer/lci-future/lci/lci /Users/tbcdigital/Developer/lci-future/lci/test/1.3-Tests/3-Types/5-String/1-Escapes/3-Bell/test.lol
Success!


<end of output>
Test time =   0.07 sec
----------------------------------------------------------
Test Passed.
"3-Bell" end time: Sep 09 11:21 BST
"3-Bell" time elapsed: 00:00:00
----------------------------------------------------------

51/316 Testing: 4-DoubleQuote
51/316 Test: 4-DoubleQuote
Command: "/usr/local/bin/python" "/Users/tbcdigital/Developer/lci-future/lci/test/testDriver.py" "/Users/tbcdigital/Developer/lci-future/lci/lci" "/Users/tbcdigital/Developer/lci-future/lci/test/1.3-Tests/3-Types/5-String/1-Escapes/4-DoubleQuote/test.lol" "-o=/Users/tbcdigital/Developer/lci-future/lci/test/1.3-Tests/3-Types/5-String/1-Escapes/4-DoubleQuote/test.out"
Directory: /Users/tbcdigital/Developer/lci-future/lci/test/1.3-Tests/3-Types/5-String/1-Escapes/4-DoubleQuote
"4-DoubleQuote" start time: Sep 09 11:21 BST
Output:
----------------------------------------------------------
Not using an input file
Not expecting an error
Using output file: /Users/tbcdigital/Developer/lci-future/lci/test/1.3-Tests/3-Types/5-String/1-Escapes/4-DoubleQuote/test.out
Not doing memory check.
Command: /Users/tbcdigital/Developer/lci-future/lci/lci /Users/tbcdigital/Developer/lci-future/lci/test/1.3-Tests/3-Types/5-String/1-Escapes/4-DoubleQuote/test.lol
Success!


<end of output>
Test time =   0.08 sec
----------------------------------------------------------
Test Passed.
"4-DoubleQuote" end time: Sep 09 11:21 BST
"4-DoubleQuote" time elapsed: 00:00:00
----------------------------------------------------------

52/316 Testing: 5-Colon
52/316 Test: 5-Colon
Command: "/usr/local/bin/python" "/Users/tbcdigital/Developer/lci-future/lci/test/testDriver.py" "/Users/tbcdigital/Developer/lci-future/lci/lci" "/Users/tbcdigital/Developer/lci-future/lci/test/1.3-Tests/3-Types/5-String/1-Escapes/5-Colon/test.lol" "-o=/Users/tbcdigital/Developer/lci-future/lci/test/1.3-Tests/3-Types/5-String/1-Escapes/5-Colon/test.out"
Directory: /Users/tbcdigital/Developer/lci-future/lci/test/1.3-Tests/3-Types/5-String/1-Escapes/5-Colon
"5-Colon" start time: Sep 09 11:21 BST
Output:
----------------------------------------------------------
Not using an input file
Not expecting an error
Using output file: /Users/tbcdigital/Developer/lci-future/lci/test/1.3-Tests/3-Types/5-String/1-Escapes/5-Colon/test.out
Not doing memory check.
Command: /Users/tbcdigital/Developer/lci-future/lci/lci /Users/tbcdigital/Developer/lci-future/lci/test/1.3-Tests/3-Types/5-String/1-Escapes/5-Colon/test.lol
Success!


<end of output>
Test time =   0.08 sec
----------------------------------------------------------
Test Passed.
"5-Colon" end time: Sep 09 11:21 BST
"5-Colon" time elapsed: 00:00:00
----------------------------------------------------------

53/316 Testing: 1-IgnoreContinuation
53/316 Test: 1-IgnoreContinuation
Command: "/usr/local/bin/python" "/Users/tbcdigital/Developer/lci-future/lci/test/testDriver.py" "/Users/tbcdigital/Developer/lci-future/lci/lci" "/Users/tbcdigital/Developer/lci-future/lci/test/1.3-Tests/3-Types/5-String/2-Syntax/1-IgnoreContinuation/test.lol" "-e"
Directory: /Users/tbcdigital/Developer/lci-future/lci/test/1.3-Tests/3-Types/5-String/2-Syntax/1-IgnoreContinuation
"1-IgnoreContinuation" start time: Sep 09 11:21 BST
Output:
----------------------------------------------------------
Not using an input file
Expecting an error
Not using an output file
Not doing memory check.
Command: /Users/tbcdigital/Developer/lci-future/lci/lci /Users/tbcdigital/Developer/lci-future/lci/test/1.3-Tests/3-Types/5-String/2-Syntax/1-IgnoreContinuation/test.lol
Success!
Error:
/Users/tbcdigital/Developer/lci-future/lci/test/1.3-Tests/3-Types/5-String/2-Syntax/1-IgnoreContinuation/test.lol:2: unknown token at: "Lorem ipsum...

<end of output>
Test time =   0.07 sec
----------------------------------------------------------
Test Passed.
"1-IgnoreContinuation" end time: Sep 09 11:21 BST
"1-IgnoreContinuation" time elapsed: 00:00:00
----------------------------------------------------------

54/316 Testing: 2-IgnoreJoins
54/316 Test: 2-IgnoreJoins
Command: "/usr/local/bin/python" "/Users/tbcdigital/Developer/lci-future/lci/test/testDriver.py" "/Users/tbcdigital/Developer/lci-future/lci/lci" "/Users/tbcdigital/Developer/lci-future/lci/test/1.3-Tests/3-Types/5-String/2-Syntax/2-IgnoreJoins/test.lol" "-o=/Users/tbcdigital/Developer/lci-future/lci/test/1.3-Tests/3-Types/5-String/2-Syntax/2-IgnoreJoins/test.out"
Directory: /Users/tbcdigital/Developer/lci-future/lci/test/1.3-Tests/3-Types/5-String/2-Syntax/2-IgnoreJoins
"2-IgnoreJoins" start time: Sep 09 11:21 BST
Output:
----------------------------------------------------------
Not using an input file
Not expecting an error
Using output file: /Users/tbcdigital/Developer/lci-future/lci/test/1.3-Tests/3-Types/5-String/2-Syntax/2-IgnoreJoins/test.out
Not doing memory check.
Command: /Users/tbcdigital/Developer/lci-future/lci/lci /Users/tbcdigital/Developer/lci-future/lci/test/1.3-Tests/3-Types/5-String/2-Syntax/2-IgnoreJoins/test.lol
Success!


<end of output>
Test time =   0.07 sec
----------------------------------------------------------
Test Passed.
"2-IgnoreJoins" end time: Sep 09 11:21 BST
"2-IgnoreJoins" time elapsed: 00:00:00
----------------------------------------------------------

55/316 Testing: 3-MustHaveClosingQuote
55/316 Test: 3-MustHaveClosingQuote
Command: "/usr/local/bin/python" "/Users/tbcdigital/Developer/lci-future/lci/test/testDriver.py" "/Users/tbcdigital/Developer/lci-future/lci/lci" "/Users/tbcdigital/Developer/lci-future/lci/test/1.3-Tests/3-Types/5-String/2-Syntax/3-MustHaveClosingQuote/test.lol" "-e"
Directory: /Users/tbcdigital/Developer/lci-future/lci/test/1.3-Tests/3-Types/5-String/2-Syntax/3-MustHaveClosingQuote
"3-MustHaveClosingQuote" start time: Sep 09 11:21 BST
Output:
----------------------------------------------------------
Not using an input file
Expecting an error
Not using an output file
Not doing memory check.
Command: /Users/tbcdigital/Developer/lci-future/lci/lci /Users/tbcdigital/Developer/lci-future/lci/test/1.3-Tests/3-Types/5-String/2-Syntax/3-MustHaveClosingQuote/test.lol
Success!
Error:
/Users/tbcdigital/Developer/lci-future/lci/test/1.3-Tests/3-Types/5-String/2-Syntax/3-MustHaveClosingQuote/test.lol:2: unknown token at: "Lorem ipsum dolor sit

<end of output>
Test time =   0.07 sec
----------------------------------------------------------
Test Passed.
"3-MustHaveClosingQuote" end time: Sep 09 11:21 BST
"3-MustHaveClosingQuote" time elapsed: 00:00:00
----------------------------------------------------------

56/316 Testing: 4-IgnoreComments
56/316 Test: 4-IgnoreComments
Command: "/usr/local/bin/python" "/Users/tbcdigital/Developer/lci-future/lci/test/testDriver.py" "/Users/tbcdigital/Developer/lci-future/lci/lci" "/Users/tbcdigital/Developer/lci-future/lci/test/1.3-Tests/3-Types/5-String/2-Syntax/4-IgnoreComments/test.lol" "-o=/Users/tbcdigital/Developer/lci-future/lci/test/1.3-Tests/3-Types/5-String/2-Syntax/4-IgnoreComments/test.out"
Directory: /Users/tbcdigital/Developer/lci-future/lci/test/1.3-Tests/3-Types/5-String/2-Syntax/4-IgnoreComments
"4-IgnoreComments" start time: Sep 09 11:21 BST
Output:
----------------------------------------------------------
Not using an input file
Not expecting an error
Using output file: /Users/tbcdigital/Developer/lci-future/lci/test/1.3-Tests/3-Types/5-String/2-Syntax/4-IgnoreComments/test.out
Not doing memory check.
Command: /Users/tbcdigital/Developer/lci-future/lci/lci /Users/tbcdigital/Developer/lci-future/lci/test/1.3-Tests/3-Types/5-String/2-Syntax/4-IgnoreComments/test.lol
Success!


<end of output>
Test time =   0.07 sec
----------------------------------------------------------
Test Passed.
"4-IgnoreComments" end time: Sep 09 11:21 BST
"4-IgnoreComments" time elapsed: 00:00:00
----------------------------------------------------------

57/316 Testing: 1-MustHaveAnArg
57/316 Test: 1-MustHaveAnArg
Command: "/usr/local/bin/python" "/Users/tbcdigital/Developer/lci-future/lci/test/testDriver.py" "/Users/tbcdigital/Developer/lci-future/lci/lci" "/Users/tbcdigital/Developer/lci-future/lci/test/1.3-Tests/4-Output/1-MustHaveAnArg/test.lol" "-e"
Directory: /Users/tbcdigital/Developer/lci-future/lci/test/1.3-Tests/4-Output/1-MustHaveAnArg
"1-MustHaveAnArg" start time: Sep 09 11:21 BST
Output:
----------------------------------------------------------
Not using an input file
Expecting an error
Not using an output file
Not doing memory check.
Command: /Users/tbcdigital/Developer/lci-future/lci/lci /Users/tbcdigital/Developer/lci-future/lci/test/1.3-Tests/4-Output/1-MustHaveAnArg/test.lol
Success!
Error:
/Users/tbcdigital/Developer/lci-future/lci/test/1.3-Tests/4-Output/1-MustHaveAnArg/test.lol:2: expected expression at: end of line

<end of output>
Test time =   0.07 sec
----------------------------------------------------------
Test Passed.
"1-MustHaveAnArg" end time: Sep 09 11:21 BST
"1-MustHaveAnArg" time elapsed: 00:00:00
----------------------------------------------------------

58/316 Testing: 2-Booleans
58/316 Test: 2-Booleans
Command: "/usr/local/bin/python" "/Users/tbcdigital/Developer/lci-future/lci/test/testDriver.py" "/Users/tbcdigital/Developer/lci-future/lci/lci" "/Users/tbcdigital/Developer/lci-future/lci/test/1.3-Tests/4-Output/2-Booleans/test.lol" "-e"
Directory: /Users/tbcdigital/Developer/lci-future/lci/test/1.3-Tests/4-Output/2-Booleans
"2-Booleans" start time: Sep 09 11:21 BST
Output:
----------------------------------------------------------
Not using an input file
Expecting an error
Not using an output file
Not doing memory check.
Command: /Users/tbcdigital/Developer/lci-future/lci/lci /Users/tbcdigital/Developer/lci-future/lci/test/1.3-Tests/4-Output/2-Booleans/test.lol
Success!
Error:
Cannot cast boolean to string value

<end of output>
Test time =   0.07 sec
----------------------------------------------------------
Test Passed.
"2-Booleans" end time: Sep 09 11:21 BST
"2-Booleans" time elapsed: 00:00:00
----------------------------------------------------------

59/316 Testing: 3-Integers
59/316 Test: 3-Integers
Command: "/usr/local/bin/python" "/Users/tbcdigital/Developer/lci-future/lci/test/testDriver.py" "/Users/tbcdigital/Developer/lci-future/lci/lci" "/Users/tbcdigital/Developer/lci-future/lci/test/1.3-Tests/4-Output/3-Integers/test.lol" "-o=/Users/tbcdigital/Developer/lci-future/lci/test/1.3-Tests/4-Output/3-Integers/test.out"
Directory: /Users/tbcdigital/Developer/lci-future/lci/test/1.3-Tests/4-Output/3-Integers
"3-Integers" start time: Sep 09 11:21 BST
Output:
----------------------------------------------------------
Not using an input file
Not expecting an error
Using output file: /Users/tbcdigital/Developer/lci-future/lci/test/1.3-Tests/4-Output/3-Integers/test.out
Not doing memory check.
Command: /Users/tbcdigital/Developer/lci-future/lci/lci /Users/tbcdigital/Developer/lci-future/lci/test/1.3-Tests/4-Output/3-Integers/test.lol
Success!


<end of output>
Test time =   0.07 sec
----------------------------------------------------------
Test Passed.
"3-Integers" end time: Sep 09 11:21 BST
"3-Integers" time elapsed: 00:00:00
----------------------------------------------------------

60/316 Testing: 4-Floats
60/316 Test: 4-Floats
Command: "/usr/local/bin/python" "/Users/tbcdigital/Developer/lci-future/lci/test/testDriver.py" "/Users/tbcdigital/Developer/lci-future/lci/lci" "/Users/tbcdigital/Developer/lci-future/lci/test/1.3-Tests/4-Output/4-Floats/test.lol" "-o=/Users/tbcdigital/Developer/lci-future/lci/test/1.3-Tests/4-Output/4-Floats/test.out"
Directory: /Users/tbcdigital/Developer/lci-future/lci/test/1.3-Tests/4-Output/4-Floats
"4-Floats" start time: Sep 09 11:21 BST
Output:
----------------------------------------------------------
Not using an input file
Not expecting an error
Using output file: /Users/tbcdigital/Developer/lci-future/lci/test/1.3-Tests/4-Output/4-Floats/test.out
Not doing memory check.
Command: /Users/tbcdigital/Developer/lci-future/lci/lci /Users/tbcdigital/Developer/lci-future/lci/test/1.3-Tests/4-Output/4-Floats/test.lol
Success!


<end of output>
Test time =   0.07 sec
----------------------------------------------------------
Test Passed.
"4-Floats" end time: Sep 09 11:21 BST
"4-Floats" time elapsed: 00:00:00
----------------------------------------------------------

61/316 Testing: 5-BasicStrings
61/316 Test: 5-BasicStrings
Command: "/usr/local/bin/python" "/Users/tbcdigital/Developer/lci-future/lci/test/testDriver.py" "/Users/tbcdigital/Developer/lci-future/lci/lci" "/Users/tbcdigital/Developer/lci-future/lci/test/1.3-Tests/4-Output/5-BasicStrings/test.lol" "-o=/Users/tbcdigital/Developer/lci-future/lci/test/1.3-Tests/4-Output/5-BasicStrings/test.out"
Directory: /Users/tbcdigital/Developer/lci-future/lci/test/1.3-Tests/4-Output/5-BasicStrings
"5-BasicStrings" start time: Sep 09 11:21 BST
Output:
----------------------------------------------------------
Not using an input file
Not expecting an error
Using output file: /Users/tbcdigital/Developer/lci-future/lci/test/1.3-Tests/4-Output/5-BasicStrings/test.out
Not doing memory check.
Command: /Users/tbcdigital/Developer/lci-future/lci/lci /Users/tbcdigital/Developer/lci-future/lci/test/1.3-Tests/4-Output/5-BasicStrings/test.lol
Success!


<end of output>
Test time =   0.07 sec
----------------------------------------------------------
Test Passed.
"5-BasicStrings" end time: Sep 09 11:21 BST
"5-BasicStrings" time elapsed: 00:00:00
----------------------------------------------------------

62/316 Testing: 6-MixedTypes
62/316 Test: 6-MixedTypes
Command: "/usr/local/bin/python" "/Users/tbcdigital/Developer/lci-future/lci/test/testDriver.py" "/Users/tbcdigital/Developer/lci-future/lci/lci" "/Users/tbcdigital/Developer/lci-future/lci/test/1.3-Tests/4-Output/6-MixedTypes/test.lol" "-o=/Users/tbcdigital/Developer/lci-future/lci/test/1.3-Tests/4-Output/6-MixedTypes/test.out"
Directory: /Users/tbcdigital/Developer/lci-future/lci/test/1.3-Tests/4-Output/6-MixedTypes
"6-MixedTypes" start time: Sep 09 11:21 BST
Output:
----------------------------------------------------------
Not using an input file
Not expecting an error
Using output file: /Users/tbcdigital/Developer/lci-future/lci/test/1.3-Tests/4-Output/6-MixedTypes/test.out
Not doing memory check.
Command: /Users/tbcdigital/Developer/lci-future/lci/lci /Users/tbcdigital/Developer/lci-future/lci/test/1.3-Tests/4-Output/6-MixedTypes/test.lol
Success!


<end of output>
Test time =   0.07 sec
----------------------------------------------------------
Test Passed.
"6-MixedTypes" end time: Sep 09 11:21 BST
"6-MixedTypes" time elapsed: 00:00:00
----------------------------------------------------------

63/316 Testing: 7-NoNewline
63/316 Test: 7-NoNewline
Command: "/usr/local/bin/python" "/Users/tbcdigital/Developer/lci-future/lci/test/testDriver.py" "/Users/tbcdigital/Developer/lci-future/lci/lci" "/Users/tbcdigital/Developer/lci-future/lci/test/1.3-Tests/4-Output/7-NoNewline/test.lol" "-o=/Users/tbcdigital/Developer/lci-future/lci/test/1.3-Tests/4-Output/7-NoNewline/test.out"
Directory: /Users/tbcdigital/Developer/lci-future/lci/test/1.3-Tests/4-Output/7-NoNewline
"7-NoNewline" start time: Sep 09 11:21 BST
Output:
----------------------------------------------------------
Not using an input file
Not expecting an error
Using output file: /Users/tbcdigital/Developer/lci-future/lci/test/1.3-Tests/4-Output/7-NoNewline/test.out
Not doing memory check.
Command: /Users/tbcdigital/Developer/lci-future/lci/lci /Users/tbcdigital/Developer/lci-future/lci/test/1.3-Tests/4-Output/7-NoNewline/test.lol
Success!


<end of output>
Test time =   0.08 sec
----------------------------------------------------------
Test Passed.
"7-NoNewline" end time: Sep 09 11:21 BST
"7-NoNewline" time elapsed: 00:00:00
----------------------------------------------------------

64/316 Testing: 1-ShortString
64/316 Test: 1-ShortString
Command: "/usr/local/bin/python" "/Users/tbcdigital/Developer/lci-future/lci/test/testDriver.py" "/Users/tbcdigital/Developer/lci-future/lci/lci" "/Users/tbcdigital/Developer/lci-future/lci/test/1.3-Tests/5-Input/1-ShortString/test.lol" "-o=/Users/tbcdigital/Developer/lci-future/lci/test/1.3-Tests/5-Input/1-ShortString/test.out" "-i=/Users/tbcdigital/Developer/lci-future/lci/test/1.3-Tests/5-Input/1-ShortString/test.in"
Directory: /Users/tbcdigital/Developer/lci-future/lci/test/1.3-Tests/5-Input/1-ShortString
"1-ShortString" start time: Sep 09 11:21 BST
Output:
----------------------------------------------------------
Using input file: /Users/tbcdigital/Developer/lci-future/lci/test/1.3-Tests/5-Input/1-ShortString/test.in
Not expecting an error
Using output file: /Users/tbcdigital/Developer/lci-future/lci/test/1.3-Tests/5-Input/1-ShortString/test.out
Not doing memory check.
Command: /Users/tbcdigital/Developer/lci-future/lci/lci /Users/tbcdigital/Developer/lci-future/lci/test/1.3-Tests/5-Input/1-ShortString/test.lol
Success!


<end of output>
Test time =   0.07 sec
----------------------------------------------------------
Test Passed.
"1-ShortString" end time: Sep 09 11:21 BST
"1-ShortString" time elapsed: 00:00:00
----------------------------------------------------------

65/316 Testing: 2-LongString
65/316 Test: 2-LongString
[...]
Directory: /Users/tbcdigital/Developer/lci-future/lci/test/1.3-Tests/12-Arrays/2-SlotCreation
"2-SlotCreation" start time: Sep 09 11:21 BST
Output:
----------------------------------------------------------
Not using an input file
Not expecting an error
Using output file: /Users/tbcdigital/Developer/lci-future/lci/test/1.3-Tests/12-Arrays/2-SlotCreation/test.out
Not doing memory check.
Command: /Users/tbcdigital/Developer/lci-future/lci/lci /Users/tbcdigital/Developer/lci-future/lci/test/1.3-Tests/12-Arrays/2-SlotCreation/test.lol
Success!


<end of output>
Test time =   0.07 sec
----------------------------------------------------------
Test Passed.
"2-SlotCreation" end time: Sep 09 11:21 BST
"2-SlotCreation" time elapsed: 00:00:00
----------------------------------------------------------

302/316 Testing: 3-SlotInitialization
302/316 Test: 3-SlotInitialization
Command: "/usr/local/bin/python" "/Users/tbcdigital/Developer/lci-future/lci/test/testDriver.py" "/Users/tbcdigital/Developer/lci-future/lci/lci" "/Users/tbcdigital/Developer/lci-future/lci/test/1.3-Tests/12-Arrays/3-SlotInitialization/test.lol" "-o=/Users/tbcdigital/Developer/lci-future/lci/test/1.3-Tests/12-Arrays/3-SlotInitialization/test.out"
Directory: /Users/tbcdigital/Developer/lci-future/lci/test/1.3-Tests/12-Arrays/3-SlotInitialization
"3-SlotInitialization" start time: Sep 09 11:21 BST
Output:
----------------------------------------------------------
Not using an input file
Not expecting an error
Using output file: /Users/tbcdigital/Developer/lci-future/lci/test/1.3-Tests/12-Arrays/3-SlotInitialization/test.out
Not doing memory check.
Command: /Users/tbcdigital/Developer/lci-future/lci/lci /Users/tbcdigital/Developer/lci-future/lci/test/1.3-Tests/12-Arrays/3-SlotInitialization/test.lol
Success!


<end of output>
Test time =   0.07 sec
----------------------------------------------------------
Test Passed.
"3-SlotInitialization" end time: Sep 09 11:21 BST
"3-SlotInitialization" time elapsed: 00:00:00
----------------------------------------------------------

303/316 Testing: 4-SlotAssignment
303/316 Test: 4-SlotAssignment
Command: "/usr/local/bin/python" "/Users/tbcdigital/Developer/lci-future/lci/test/testDriver.py" "/Users/tbcdigital/Developer/lci-future/lci/lci" "/Users/tbcdigital/Developer/lci-future/lci/test/1.3-Tests/12-Arrays/4-SlotAssignment/test.lol" "-o=/Users/tbcdigital/Developer/lci-future/lci/test/1.3-Tests/12-Arrays/4-SlotAssignment/test.out"
Directory: /Users/tbcdigital/Developer/lci-future/lci/test/1.3-Tests/12-Arrays/4-SlotAssignment
"4-SlotAssignment" start time: Sep 09 11:21 BST
Output:
----------------------------------------------------------
Not using an input file
Not expecting an error
Using output file: /Users/tbcdigital/Developer/lci-future/lci/test/1.3-Tests/12-Arrays/4-SlotAssignment/test.out
Not doing memory check.
Command: /Users/tbcdigital/Developer/lci-future/lci/lci /Users/tbcdigital/Developer/lci-future/lci/test/1.3-Tests/12-Arrays/4-SlotAssignment/test.lol
Success!


<end of output>
Test time =   0.07 sec
----------------------------------------------------------
Test Passed.
"4-SlotAssignment" end time: Sep 09 11:21 BST
"4-SlotAssignment" time elapsed: 00:00:00
----------------------------------------------------------

304/316 Testing: 5-FunctionStorage
304/316 Test: 5-FunctionStorage
Command: "/usr/local/bin/python" "/Users/tbcdigital/Developer/lci-future/lci/test/testDriver.py" "/Users/tbcdigital/Developer/lci-future/lci/lci" "/Users/tbcdigital/Developer/lci-future/lci/test/1.3-Tests/12-Arrays/5-FunctionStorage/test.lol" "-o=/Users/tbcdigital/Developer/lci-future/lci/test/1.3-Tests/12-Arrays/5-FunctionStorage/test.out"
Directory: /Users/tbcdigital/Developer/lci-future/lci/test/1.3-Tests/12-Arrays/5-FunctionStorage
"5-FunctionStorage" start time: Sep 09 11:21 BST
Output:
----------------------------------------------------------
Not using an input file
Not expecting an error
Using output file: /Users/tbcdigital/Developer/lci-future/lci/test/1.3-Tests/12-Arrays/5-FunctionStorage/test.out
Not doing memory check.
Command: /Users/tbcdigital/Developer/lci-future/lci/lci /Users/tbcdigital/Developer/lci-future/lci/test/1.3-Tests/12-Arrays/5-FunctionStorage/test.lol
Success!


<end of output>
Test time =   0.07 sec
----------------------------------------------------------
Test Passed.
"5-FunctionStorage" end time: Sep 09 11:21 BST
"5-FunctionStorage" time elapsed: 00:00:00
----------------------------------------------------------

305/316 Testing: 6-FunctionDeclaration
305/316 Test: 6-FunctionDeclaration
Command: "/usr/local/bin/python" "/Users/tbcdigital/Developer/lci-future/lci/test/testDriver.py" "/Users/tbcdigital/Developer/lci-future/lci/lci" "/Users/tbcdigital/Developer/lci-future/lci/test/1.3-Tests/12-Arrays/6-FunctionDeclaration/test.lol" "-o=/Users/tbcdigital/Developer/lci-future/lci/test/1.3-Tests/12-Arrays/6-FunctionDeclaration/test.out"
Directory: /Users/tbcdigital/Developer/lci-future/lci/test/1.3-Tests/12-Arrays/6-FunctionDeclaration
"6-FunctionDeclaration" start time: Sep 09 11:21 BST
Output:
----------------------------------------------------------
Not using an input file
Not expecting an error
Using output file: /Users/tbcdigital/Developer/lci-future/lci/test/1.3-Tests/12-Arrays/6-FunctionDeclaration/test.out
Not doing memory check.
Command: /Users/tbcdigital/Developer/lci-future/lci/lci /Users/tbcdigital/Developer/lci-future/lci/test/1.3-Tests/12-Arrays/6-FunctionDeclaration/test.lol
Success!


<end of output>
Test time =   0.08 sec
----------------------------------------------------------
Test Passed.
"6-FunctionDeclaration" end time: Sep 09 11:21 BST
"6-FunctionDeclaration" time elapsed: 00:00:00
----------------------------------------------------------

306/316 Testing: 7-CallingObjectReference
306/316 Test: 7-CallingObjectReference
Command: "/usr/local/bin/python" "/Users/tbcdigital/Developer/lci-future/lci/test/testDriver.py" "/Users/tbcdigital/Developer/lci-future/lci/lci" "/Users/tbcdigital/Developer/lci-future/lci/test/1.3-Tests/12-Arrays/7-CallingObjectReference/test.lol" "-o=/Users/tbcdigital/Developer/lci-future/lci/test/1.3-Tests/12-Arrays/7-CallingObjectReference/test.out"
Directory: /Users/tbcdigital/Developer/lci-future/lci/test/1.3-Tests/12-Arrays/7-CallingObjectReference
"7-CallingObjectReference" start time: Sep 09 11:21 BST
Output:
----------------------------------------------------------
Not using an input file
Not expecting an error
Using output file: /Users/tbcdigital/Developer/lci-future/lci/test/1.3-Tests/12-Arrays/7-CallingObjectReference/test.out
Not doing memory check.
Command: /Users/tbcdigital/Developer/lci-future/lci/lci /Users/tbcdigital/Developer/lci-future/lci/test/1.3-Tests/12-Arrays/7-CallingObjectReference/test.lol
Success!


<end of output>
Test time =   0.08 sec
----------------------------------------------------------
Test Passed.
"7-CallingObjectReference" end time: Sep 09 11:21 BST
"7-CallingObjectReference" time elapsed: 00:00:00
----------------------------------------------------------

307/316 Testing: 8-CallingObjectAssignment
307/316 Test: 8-CallingObjectAssignment
Command: "/usr/local/bin/python" "/Users/tbcdigital/Developer/lci-future/lci/test/testDriver.py" "/Users/tbcdigital/Developer/lci-future/lci/lci" "/Users/tbcdigital/Developer/lci-future/lci/test/1.3-Tests/12-Arrays/8-CallingObjectAssignment/test.lol" "-o=/Users/tbcdigital/Developer/lci-future/lci/test/1.3-Tests/12-Arrays/8-CallingObjectAssignment/test.out"
Directory: /Users/tbcdigital/Developer/lci-future/lci/test/1.3-Tests/12-Arrays/8-CallingObjectAssignment
"8-CallingObjectAssignment" start time: Sep 09 11:21 BST
Output:
----------------------------------------------------------
Not using an input file
Not expecting an error
Using output file: /Users/tbcdigital/Developer/lci-future/lci/test/1.3-Tests/12-Arrays/8-CallingObjectAssignment/test.out
Not doing memory check.
Command: /Users/tbcdigital/Developer/lci-future/lci/lci /Users/tbcdigital/Developer/lci-future/lci/test/1.3-Tests/12-Arrays/8-CallingObjectAssignment/test.lol
Success!


<end of output>
Test time =   0.07 sec
----------------------------------------------------------
Test Passed.
"8-CallingObjectAssignment" end time: Sep 09 11:21 BST
"8-CallingObjectAssignment" time elapsed: 00:00:00
----------------------------------------------------------

308/316 Testing: 9-CallingObjectDeclaration
308/316 Test: 9-CallingObjectDeclaration
Command: "/usr/local/bin/python" "/Users/tbcdigital/Developer/lci-future/lci/test/testDriver.py" "/Users/tbcdigital/Developer/lci-future/lci/lci" "/Users/tbcdigital/Developer/lci-future/lci/test/1.3-Tests/12-Arrays/9-CallingObjectDeclaration/test.lol" "-o=/Users/tbcdigital/Developer/lci-future/lci/test/1.3-Tests/12-Arrays/9-CallingObjectDeclaration/test.out"
Directory: /Users/tbcdigital/Developer/lci-future/lci/test/1.3-Tests/12-Arrays/9-CallingObjectDeclaration
"9-CallingObjectDeclaration" start time: Sep 09 11:21 BST
Output:
----------------------------------------------------------
Not using an input file
Not expecting an error
Using output file: /Users/tbcdigital/Developer/lci-future/lci/test/1.3-Tests/12-Arrays/9-CallingObjectDeclaration/test.out
Not doing memory check.
Command: /Users/tbcdigital/Developer/lci-future/lci/lci /Users/tbcdigital/Developer/lci-future/lci/test/1.3-Tests/12-Arrays/9-CallingObjectDeclaration/test.lol
Success!


<end of output>
Test time =   0.07 sec
----------------------------------------------------------
Test Passed.
"9-CallingObjectDeclaration" end time: Sep 09 11:21 BST
"9-CallingObjectDeclaration" time elapsed: 00:00:00
----------------------------------------------------------

309/316 Testing: 10-CallingObjectInitialization
309/316 Test: 10-CallingObjectInitialization
Command: "/usr/local/bin/python" "/Users/tbcdigital/Developer/lci-future/lci/test/testDriver.py" "/Users/tbcdigital/Developer/lci-future/lci/lci" "/Users/tbcdigital/Developer/lci-future/lci/test/1.3-Tests/12-Arrays/10-CallingObjectInitialization/test.lol" "-o=/Users/tbcdigital/Developer/lci-future/lci/test/1.3-Tests/12-Arrays/10-CallingObjectInitialization/test.out"
Directory: /Users/tbcdigital/Developer/lci-future/lci/test/1.3-Tests/12-Arrays/10-CallingObjectInitialization
"10-CallingObjectInitialization" start time: Sep 09 11:21 BST
Output:
----------------------------------------------------------
Not using an input file
Not expecting an error
Using output file: /Users/tbcdigital/Developer/lci-future/lci/test/1.3-Tests/12-Arrays/10-CallingObjectInitialization/test.out
Not doing memory check.
Command: /Users/tbcdigital/Developer/lci-future/lci/lci /Users/tbcdigital/Developer/lci-future/lci/test/1.3-Tests/12-Arrays/10-CallingObjectInitialization/test.lol
Success!


<end of output>
Test time =   0.07 sec
----------------------------------------------------------
Test Passed.
"10-CallingObjectInitialization" end time: Sep 09 11:21 BST
"10-CallingObjectInitialization" time elapsed: 00:00:00
----------------------------------------------------------

310/316 Testing: 11-AlternateSyntax
310/316 Test: 11-AlternateSyntax
Command: "/usr/local/bin/python" "/Users/tbcdigital/Developer/lci-future/lci/test/testDriver.py" "/Users/tbcdigital/Developer/lci-future/lci/lci" "/Users/tbcdigital/Developer/lci-future/lci/test/1.3-Tests/12-Arrays/11-AlternateSyntax/test.lol" "-o=/Users/tbcdigital/Developer/lci-future/lci/test/1.3-Tests/12-Arrays/11-AlternateSyntax/test.out"
Directory: /Users/tbcdigital/Developer/lci-future/lci/test/1.3-Tests/12-Arrays/11-AlternateSyntax
"11-AlternateSyntax" start time: Sep 09 11:21 BST
Output:
----------------------------------------------------------
Not using an input file
Not expecting an error
Using output file: /Users/tbcdigital/Developer/lci-future/lci/test/1.3-Tests/12-Arrays/11-AlternateSyntax/test.out
Not doing memory check.
Command: /Users/tbcdigital/Developer/lci-future/lci/lci /Users/tbcdigital/Developer/lci-future/lci/test/1.3-Tests/12-Arrays/11-AlternateSyntax/test.lol
Success!


<end of output>
Test time =   0.07 sec
----------------------------------------------------------
Test Passed.
"11-AlternateSyntax" end time: Sep 09 11:21 BST
"11-AlternateSyntax" time elapsed: 00:00:00
----------------------------------------------------------

311/316 Testing: 1-Declaration
311/316 Test: 1-Declaration
Command: "/usr/local/bin/python" "/Users/tbcdigital/Developer/lci-future/lci/test/testDriver.py" "/Users/tbcdigital/Developer/lci-future/lci/lci" "/Users/tbcdigital/Developer/lci-future/lci/test/1.3-Tests/12-Arrays/12-Inheritance/1-Declaration/test.lol" "-o=/Users/tbcdigital/Developer/lci-future/lci/test/1.3-Tests/12-Arrays/12-Inheritance/1-Declaration/test.out"
Directory: /Users/tbcdigital/Developer/lci-future/lci/test/1.3-Tests/12-Arrays/12-Inheritance/1-Declaration
"1-Declaration" start time: Sep 09 11:21 BST
Output:
----------------------------------------------------------
Not using an input file
Not expecting an error
Using output file: /Users/tbcdigital/Developer/lci-future/lci/test/1.3-Tests/12-Arrays/12-Inheritance/1-Declaration/test.out
Not doing memory check.
Command: /Users/tbcdigital/Developer/lci-future/lci/lci /Users/tbcdigital/Developer/lci-future/lci/test/1.3-Tests/12-Arrays/12-Inheritance/1-Declaration/test.lol
Success!


<end of output>
Test time =   0.08 sec
----------------------------------------------------------
Test Passed.
"1-Declaration" end time: Sep 09 11:21 BST
"1-Declaration" time elapsed: 00:00:00
----------------------------------------------------------

312/316 Testing: 2-Assignment
312/316 Test: 2-Assignment
Command: "/usr/local/bin/python" "/Users/tbcdigital/Developer/lci-future/lci/test/testDriver.py" "/Users/tbcdigital/Developer/lci-future/lci/lci" "/Users/tbcdigital/Developer/lci-future/lci/test/1.3-Tests/12-Arrays/12-Inheritance/2-Assignment/test.lol" "-o=/Users/tbcdigital/Developer/lci-future/lci/test/1.3-Tests/12-Arrays/12-Inheritance/2-Assignment/test.out"
Directory: /Users/tbcdigital/Developer/lci-future/lci/test/1.3-Tests/12-Arrays/12-Inheritance/2-Assignment
"2-Assignment" start time: Sep 09 11:21 BST
Output:
----------------------------------------------------------
Not using an input file
Not expecting an error
Using output file: /Users/tbcdigital/Developer/lci-future/lci/test/1.3-Tests/12-Arrays/12-Inheritance/2-Assignment/test.out
Not doing memory check.
Command: /Users/tbcdigital/Developer/lci-future/lci/lci /Users/tbcdigital/Developer/lci-future/lci/test/1.3-Tests/12-Arrays/12-Inheritance/2-Assignment/test.lol
Success!


<end of output>
Test time =   0.07 sec
----------------------------------------------------------
Test Passed.
"2-Assignment" end time: Sep 09 11:21 BST
"2-Assignment" time elapsed: 00:00:00
----------------------------------------------------------

313/316 Testing: 3-AlternateSyntax
313/316 Test: 3-AlternateSyntax
Command: "/usr/local/bin/python" "/Users/tbcdigital/Developer/lci-future/lci/test/testDriver.py" "/Users/tbcdigital/Developer/lci-future/lci/lci" "/Users/tbcdigital/Developer/lci-future/lci/test/1.3-Tests/12-Arrays/12-Inheritance/3-AlternateSyntax/test.lol" "-o=/Users/tbcdigital/Developer/lci-future/lci/test/1.3-Tests/12-Arrays/12-Inheritance/3-AlternateSyntax/test.out"
Directory: /Users/tbcdigital/Developer/lci-future/lci/test/1.3-Tests/12-Arrays/12-Inheritance/3-AlternateSyntax
"3-AlternateSyntax" start time: Sep 09 11:21 BST
Output:
----------------------------------------------------------
Not using an input file
Not expecting an error
Using output file: /Users/tbcdigital/Developer/lci-future/lci/test/1.3-Tests/12-Arrays/12-Inheritance/3-AlternateSyntax/test.out
Not doing memory check.
Command: /Users/tbcdigital/Developer/lci-future/lci/lci /Users/tbcdigital/Developer/lci-future/lci/test/1.3-Tests/12-Arrays/12-Inheritance/3-AlternateSyntax/test.lol
Success!


<end of output>
Test time =   0.08 sec
----------------------------------------------------------
Test Passed.
"3-AlternateSyntax" end time: Sep 09 11:21 BST
"3-AlternateSyntax" time elapsed: 00:00:00
----------------------------------------------------------

314/316 Testing: 1-fopen
314/316 Test: 1-fopen
Command: "/usr/local/bin/python" "/Users/tbcdigital/Developer/lci-future/lci/test/testDriver.py" "/Users/tbcdigital/Developer/lci-future/lci/lci" "/Users/tbcdigital/Developer/lci-future/lci/test/1.4-Tests/13-Bindings/1-stdio/1-fopen/test.lol" "-o=/Users/tbcdigital/Developer/lci-future/lci/test/1.4-Tests/13-Bindings/1-stdio/1-fopen/test.out"
Directory: /Users/tbcdigital/Developer/lci-future/lci/test/1.4-Tests/13-Bindings/1-stdio/1-fopen
"1-fopen" start time: Sep 09 11:21 BST
Output:
----------------------------------------------------------
Not using an input file
Not expecting an error
Using output file: /Users/tbcdigital/Developer/lci-future/lci/test/1.4-Tests/13-Bindings/1-stdio/1-fopen/test.out
Not doing memory check.
Command: /Users/tbcdigital/Developer/lci-future/lci/lci /Users/tbcdigital/Developer/lci-future/lci/test/1.4-Tests/13-Bindings/1-stdio/1-fopen/test.lol
Success!


<end of output>
Test time =   0.08 sec
----------------------------------------------------------
Test Passed.
"1-fopen" end time: Sep 09 11:21 BST
"1-fopen" time elapsed: 00:00:00
----------------------------------------------------------

315/316 Testing: 1-lookup
315/316 Test: 1-lookup
Command: "/usr/local/bin/python" "/Users/tbcdigital/Developer/lci-future/lci/test/testDriver.py" "/Users/tbcdigital/Developer/lci-future/lci/lci" "/Users/tbcdigital/Developer/lci-future/lci/test/1.4-Tests/13-Bindings/3-socket/1-lookup/test.lol" "-o=/Users/tbcdigital/Developer/lci-future/lci/test/1.4-Tests/13-Bindings/3-socket/1-lookup/test.out"
Directory: /Users/tbcdigital/Developer/lci-future/lci/test/1.4-Tests/13-Bindings/3-socket/1-lookup
"1-lookup" start time: Sep 09 11:21 BST
Output:
----------------------------------------------------------
Not using an input file
Not expecting an error
Using output file: /Users/tbcdigital/Developer/lci-future/lci/test/1.4-Tests/13-Bindings/3-socket/1-lookup/test.out
Not doing memory check.
Command: /Users/tbcdigital/Developer/lci-future/lci/lci /Users/tbcdigital/Developer/lci-future/lci/test/1.4-Tests/13-Bindings/3-socket/1-lookup/test.lol
Success!


<end of output>
Test time =   0.07 sec
----------------------------------------------------------
Test Passed.
"1-lookup" end time: Sep 09 11:21 BST
"1-lookup" time elapsed: 00:00:00
----------------------------------------------------------

316/316 Testing: 1-openclose
316/316 Test: 1-openclose
Command: "/usr/local/bin/python" "/Users/tbcdigital/Developer/lci-future/lci/test/testDriver.py" "/Users/tbcdigital/Developer/lci-future/lci/lci" "/Users/tbcdigital/Developer/lci-future/lci/test/1.4-Tests/13-Bindings/3-socket/2-openclose/test.lol" "-o=/Users/tbcdigital/Developer/lci-future/lci/test/1.4-Tests/13-Bindings/3-socket/2-openclose/test.out"
Directory: /Users/tbcdigital/Developer/lci-future/lci/test/1.4-Tests/13-Bindings/3-socket/2-openclose
"1-openclose" start time: Sep 09 11:21 BST
Output:
----------------------------------------------------------
Not using an input file
Not expecting an error
Using output file: /Users/tbcdigital/Developer/lci-future/lci/test/1.4-Tests/13-Bindings/3-socket/2-openclose/test.out
Not doing memory check.
Command: /Users/tbcdigital/Developer/lci-future/lci/lci /Users/tbcdigital/Developer/lci-future/lci/test/1.4-Tests/13-Bindings/3-socket/2-openclose/test.lol
Success!


<end of output>
Test time =   0.08 sec
----------------------------------------------------------
Test Passed.
"1-openclose" end time: Sep 09 11:21 BST
"1-openclose" time elapsed: 00:00:00
----------------------------------------------------------

End testing: Sep 09 11:21 BST
